imagem query: 6

 iteracao 0 : 
6 !!!!!!!!!!!!!!!!!!!!!0.8

 iteracao 1 : 
6 7138_Camisa_Light_Xadrez_1030701.jpg 6 !!!!!!!!!!!!!!!!!!!!!0.7

 iteracao 2 : 
6 7138_Camisa_Light_Xadrez_1030701.jpg 6 7183_Camisa_Xadrez_mangas_longas_129490.jpg 6 !!!!!!!!!!!!!!!!!!!!!0.6

 iteracao 3 : 
6 7138_Camisa_Light_Xadrez_1030701.jpg 6 7183_Camisa_Xadrez_mangas_longas_129490.jpg 6 7162_Camisa_Monaco_Xadrez_1035405.jpg 6 !!!!!!!!!!!!!!!!!!!!!0.6

 iteracao 4 : 
6 7138_Camisa_Light_Xadrez_1030701.jpg 6 7183_Camisa_Xadrez_mangas_longas_129490.jpg 6 7162_Camisa_Monaco_Xadrez_1035405.jpg 6 7225_Camisa_Estouro_xadrez_1030698.jpg 6 !!!!!!!!!!!!!!!!!!!!!0.6
imagem query: 10

 iteracao 0 : 
10 !!!!!!!!!!!!!!!!!!!!!0.5

 iteracao 1 : 
10 11323_Peep_Toe_Laco_Vermelho_1062793.jpg 10 !!!!!!!!!!!!!!!!!!!!!0.5

 iteracao 2 : 
10 11323_Peep_Toe_Laco_Vermelho_1062793.jpg 10 3410_sapato-bege-e-turquesa-com-laco-aplicado_81030_301_1.jpg 10 !!!!!!!!!!!!!!!!!!!!!0.6

 iteracao 3 : 
10 11323_Peep_Toe_Laco_Vermelho_1062793.jpg 10 3410_sapato-bege-e-turquesa-com-laco-aplicado_81030_301_1.jpg 10 14693_Scarpin_Laco_Vermelho_1059824.jpg 10 !!!!!!!!!!!!!!!!!!!!!0.7

 iteracao 4 : 
10 11323_Peep_Toe_Laco_Vermelho_1062793.jpg 10 3410_sapato-bege-e-turquesa-com-laco-aplicado_81030_301_1.jpg 10 14693_Scarpin_Laco_Vermelho_1059824.jpg 10 11625_Peep_Toe_Recortes_Marrom_1060983.jpg 10 !!!!!!!!!!!!!!!!!!!!!0.7
imagem query: 12

 iteracao 0 : 
12 !!!!!!!!!!!!!!!!!!!!!0.0

 iteracao 1 : 
12 14619_Scarpin_Textura_Onca_1065674.jpg 12 !!!!!!!!!!!!!!!!!!!!!0.1

 iteracao 2 : 
12 14619_Scarpin_Textura_Onca_1065674.jpg 12 9602_Ankle_Boot_Glam_Onca_1078375.jpg 12 !!!!!!!!!!!!!!!!!!!!!0.1

 iteracao 3 : 
12 14619_Scarpin_Textura_Onca_1065674.jpg 12 9602_Ankle_Boot_Glam_Onca_1078375.jpg 12 9697_Ankle_Boot_Fivela_Onca_1071186.jpg 12 !!!!!!!!!!!!!!!!!!!!!0.1

 iteracao 4 : 
12 14619_Scarpin_Textura_Onca_1065674.jpg 12 9602_Ankle_Boot_Glam_Onca_1078375.jpg 12 9697_Ankle_Boot_Fivela_Onca_1071186.jpg 12 9646_Ankle_Boot_Luciana_Gimenez_Geysa_Onca_1067023.jpg 12 !!!!!!!!!!!!!!!!!!!!!0.1
imagem query: 13

 iteracao 0 : 
13 !!!!!!!!!!!!!!!!!!!!!0.7

 iteracao 1 : 
13 13774_Sapatilha_Laco_Floral_1043057.jpg 13 !!!!!!!!!!!!!!!!!!!!!0.3

 iteracao 2 : 
13 13774_Sapatilha_Laco_Floral_1043057.jpg 13 3398_sapatilha-floral-com-laco-aplicado_80964_301_1.jpg 13 !!!!!!!!!!!!!!!!!!!!!0.4

 iteracao 3 : 
13 13774_Sapatilha_Laco_Floral_1043057.jpg 13 3398_sapatilha-floral-com-laco-aplicado_80964_301_1.jpg 13 13100_Sapatilha_Laco_Strass_Nude_1071229.jpg 13 !!!!!!!!!!!!!!!!!!!!!0.4

 iteracao 4 : 
13 13774_Sapatilha_Laco_Floral_1043057.jpg 13 3398_sapatilha-floral-com-laco-aplicado_80964_301_1.jpg 13 13100_Sapatilha_Laco_Strass_Nude_1071229.jpg 13 13769_Sapatilha_Elastico_Foral_1043047.jpg 13 !!!!!!!!!!!!!!!!!!!!!0.4
imagem query: 15

 iteracao 0 : 
15 !!!!!!!!!!!!!!!!!!!!!0.7

 iteracao 1 : 
15 3682_tenis-preto-com-desenhos_77609_301_1.jpg 15 !!!!!!!!!!!!!!!!!!!!!0.6

 iteracao 2 : 
15 3682_tenis-preto-com-desenhos_77609_301_1.jpg 15 3960_tenis-branco-preto_78806_301_1.jpg 15 !!!!!!!!!!!!!!!!!!!!!0.5

 iteracao 3 : 
15 3682_tenis-preto-com-desenhos_77609_301_1.jpg 15 3960_tenis-branco-preto_78806_301_1.jpg 15 16088_Sapatenis_Basico_Azul_107678.jpg 15 !!!!!!!!!!!!!!!!!!!!!0.4

 iteracao 4 : 
15 3682_tenis-preto-com-desenhos_77609_301_1.jpg 15 3960_tenis-branco-preto_78806_301_1.jpg 15 16088_Sapatenis_Basico_Azul_107678.jpg 15 16302_Sapatenis_Flat_1025085.jpg 15 !!!!!!!!!!!!!!!!!!!!!0.3
imagem query: 16

 iteracao 0 : 
16 !!!!!!!!!!!!!!!!!!!!!0.0

 iteracao 1 : 
16 3170_Saia_Corrente_Azul_1049205.jpg 16 !!!!!!!!!!!!!!!!!!!!!0.0

 iteracao 2 : 
16 3170_Saia_Corrente_Azul_1049205.jpg 16 4633_Shorts_Jeans_Dobra_Azul_1042110.jpg 16 !!!!!!!!!!!!!!!!!!!!!0.5

 iteracao 3 : 
16 3170_Saia_Corrente_Azul_1049205.jpg 16 4633_Shorts_Jeans_Dobra_Azul_1042110.jpg 16 4694_Bermuda_Correntes_Azul_115236.jpg 16 !!!!!!!!!!!!!!!!!!!!!0.4

 iteracao 4 : 
16 3170_Saia_Corrente_Azul_1049205.jpg 16 4633_Shorts_Jeans_Dobra_Azul_1042110.jpg 16 4694_Bermuda_Correntes_Azul_115236.jpg 16 4387_Shorts_Jeans_Rose_Azul_1041969.jpg 16 !!!!!!!!!!!!!!!!!!!!!0.4
imagem query: 17

 iteracao 0 : 
17 !!!!!!!!!!!!!!!!!!!!!0.0

 iteracao 1 : 
17 3012_tenis-feminino-preto-pink_87702_301_1.jpg 17 !!!!!!!!!!!!!!!!!!!!!0.0

 iteracao 2 : 
17 3012_tenis-feminino-preto-pink_87702_301_1.jpg 17 3490_tenis-florzinha-rosa_84989_301_1.jpg 17 !!!!!!!!!!!!!!!!!!!!!0.0

 iteracao 3 : 
17 3012_tenis-feminino-preto-pink_87702_301_1.jpg 17 3490_tenis-florzinha-rosa_84989_301_1.jpg 17 3464_tenis-floral-rosa_86036_301_1.jpg 17 !!!!!!!!!!!!!!!!!!!!!0.0

 iteracao 4 : 
17 3012_tenis-feminino-preto-pink_87702_301_1.jpg 17 3490_tenis-florzinha-rosa_84989_301_1.jpg 17 3464_tenis-floral-rosa_86036_301_1.jpg 17 2992_tenis-dami-jeans_84991_301_1.jpg 17 !!!!!!!!!!!!!!!!!!!!!0.3
imagem query: 19

 iteracao 0 : 
19 !!!!!!!!!!!!!!!!!!!!!0.0

 iteracao 1 : 
19 471_blusa-roxo-criativa_116615_301_1.jpg 19 !!!!!!!!!!!!!!!!!!!!!0.0

 iteracao 2 : 
19 471_blusa-roxo-criativa_116615_301_1.jpg 19 2893_Blusa_Maxi_Pull_Azul_1038724.jpg 19 !!!!!!!!!!!!!!!!!!!!!0.1

 iteracao 3 : 
19 471_blusa-roxo-criativa_116615_301_1.jpg 19 2893_Blusa_Maxi_Pull_Azul_1038724.jpg 19 1257_blusa-estampado-criativa_116644_301_1.jpg 19 !!!!!!!!!!!!!!!!!!!!!0.1

 iteracao 4 : 
19 471_blusa-roxo-criativa_116615_301_1.jpg 19 2893_Blusa_Maxi_Pull_Azul_1038724.jpg 19 1257_blusa-estampado-criativa_116644_301_1.jpg 19 1100_blusa-rosa-pakalolo_116538_301_1.jpg 19 !!!!!!!!!!!!!!!!!!!!!0.1
imagem query: 21

 iteracao 0 : 
21 !!!!!!!!!!!!!!!!!!!!!1.0
imagem query: 23

 iteracao 0 : 
23 !!!!!!!!!!!!!!!!!!!!!0.0

 iteracao 1 : 
23 6808_Camiseta_Bordado_Branco_1055347.jpg 23 !!!!!!!!!!!!!!!!!!!!!0.0

 iteracao 2 : 
23 6808_Camiseta_Bordado_Branco_1055347.jpg 23 17381_Polo_Listrada_Branca2FAzul2FAmarela_1027199.jpg 23 !!!!!!!!!!!!!!!!!!!!!0.0

 iteracao 3 : 
23 6808_Camiseta_Bordado_Branco_1055347.jpg 23 17381_Polo_Listrada_Branca2FAzul2FAmarela_1027199.jpg 23 2619_camisa-laercio-bco-marinho_82491_301_1.jpg 23 !!!!!!!!!!!!!!!!!!!!!0.0

 iteracao 4 : 
23 6808_Camiseta_Bordado_Branco_1055347.jpg 23 17381_Polo_Listrada_Branca2FAzul2FAmarela_1027199.jpg 23 2619_camisa-laercio-bco-marinho_82491_301_1.jpg 23 5926_Camiseta_Slim_Listrada_1037326.jpg 23 !!!!!!!!!!!!!!!!!!!!!0.0
imagem query: 24

 iteracao 0 : 
24 !!!!!!!!!!!!!!!!!!!!!0.0

 iteracao 1 : 
24 16650_Shorts_Detalhes_Preto_1050456.jpg 24 !!!!!!!!!!!!!!!!!!!!!0.2

 iteracao 2 : 
24 16650_Shorts_Detalhes_Preto_1050456.jpg 24 4494_Shorts_Asfalto_Preto_1037214.jpg 24 !!!!!!!!!!!!!!!!!!!!!0.4

 iteracao 3 : 
24 16650_Shorts_Detalhes_Preto_1050456.jpg 24 4494_Shorts_Asfalto_Preto_1037214.jpg 24 3403_Saia_Cinto_Azul_1028311.jpg 24 !!!!!!!!!!!!!!!!!!!!!0.2

 iteracao 4 : 
24 16650_Shorts_Detalhes_Preto_1050456.jpg 24 4494_Shorts_Asfalto_Preto_1037214.jpg 24 3403_Saia_Cinto_Azul_1028311.jpg 24 4602_Shorts_Sofia_Preto_1039653.jpg 24 !!!!!!!!!!!!!!!!!!!!!0.3
imagem query: 25

 iteracao 0 : 
25 !!!!!!!!!!!!!!!!!!!!!0.0

 iteracao 1 : 
25 7900_Bermuda_Classic_Xadrez_1054617.jpg 25 !!!!!!!!!!!!!!!!!!!!!0.0

 iteracao 2 : 
25 7900_Bermuda_Classic_Xadrez_1054617.jpg 25 7670_Bermuda_Chino_Xadrez_1035809.jpg 25 !!!!!!!!!!!!!!!!!!!!!0.6

 iteracao 3 : 
25 7900_Bermuda_Classic_Xadrez_1054617.jpg 25 7670_Bermuda_Chino_Xadrez_1035809.jpg 25 7672_Bermuda_Durk_Xadrez_1035811.jpg 25 !!!!!!!!!!!!!!!!!!!!!0.5

 iteracao 4 : 
25 7900_Bermuda_Classic_Xadrez_1054617.jpg 25 7670_Bermuda_Chino_Xadrez_1035809.jpg 25 7672_Bermuda_Durk_Xadrez_1035811.jpg 25 7688_Bermuda_Jeans_Giz_Listrada_1041018.jpg 25 !!!!!!!!!!!!!!!!!!!!!0.5
imagem query: 26

 iteracao 0 : 
26 !!!!!!!!!!!!!!!!!!!!!0.1

 iteracao 1 : 
26 5603_Camiseta_Team_Azul_1050433.jpg 26 !!!!!!!!!!!!!!!!!!!!!0.2

 iteracao 2 : 
26 5603_Camiseta_Team_Azul_1050433.jpg 26 6223_Camiseta_Sand_Storm_Roxa_1037880.jpg 26 !!!!!!!!!!!!!!!!!!!!!0.2

 iteracao 3 : 
26 5603_Camiseta_Team_Azul_1050433.jpg 26 6223_Camiseta_Sand_Storm_Roxa_1037880.jpg 26 6276_Camiseta_Garrafas_Azul_1028923.jpg 26 !!!!!!!!!!!!!!!!!!!!!0.6

 iteracao 4 : 
26 5603_Camiseta_Team_Azul_1050433.jpg 26 6223_Camiseta_Sand_Storm_Roxa_1037880.jpg 26 6276_Camiseta_Garrafas_Azul_1028923.jpg 26 5404_Camiseta_Sombra_Azul_1035877.jpg 26 !!!!!!!!!!!!!!!!!!!!!0.6
imagem query: 27

 iteracao 0 : 
27 !!!!!!!!!!!!!!!!!!!!!0.0

 iteracao 1 : 
27 5743_Camiseta_Irmaos_Metralha_Cinza_1068835.jpg 27 !!!!!!!!!!!!!!!!!!!!!0.3

 iteracao 2 : 
27 5743_Camiseta_Irmaos_Metralha_Cinza_1068835.jpg 27 6142_Camiseta_Show_Cinza_1040772.jpg 27 !!!!!!!!!!!!!!!!!!!!!0.7

 iteracao 3 : 
27 5743_Camiseta_Irmaos_Metralha_Cinza_1068835.jpg 27 6142_Camiseta_Show_Cinza_1040772.jpg 27 5433_Camiseta_1025308.jpg 27 !!!!!!!!!!!!!!!!!!!!!0.6

 iteracao 4 : 
27 5743_Camiseta_Irmaos_Metralha_Cinza_1068835.jpg 27 6142_Camiseta_Show_Cinza_1040772.jpg 27 5433_Camiseta_1025308.jpg 27 6588_Camiseta_Crazy_Cinza_1058476.jpg 27 !!!!!!!!!!!!!!!!!!!!!0.6
imagem query: 28

 iteracao 0 : 
28 !!!!!!!!!!!!!!!!!!!!!0.8

 iteracao 1 : 
28 3960_tenis-branco-preto_78806_301_1.jpg 28 !!!!!!!!!!!!!!!!!!!!!0.4

 iteracao 2 : 
28 3960_tenis-branco-preto_78806_301_1.jpg 28 16226_Sapatenis_24_Horas_Ox_Furos_Azul_1035155.jpg 28 !!!!!!!!!!!!!!!!!!!!!0.2

 iteracao 3 : 
28 3960_tenis-branco-preto_78806_301_1.jpg 28 16226_Sapatenis_24_Horas_Ox_Furos_Azul_1035155.jpg 28 16302_Sapatenis_Flat_1025085.jpg 28 !!!!!!!!!!!!!!!!!!!!!0.3

 iteracao 4 : 
28 3960_tenis-branco-preto_78806_301_1.jpg 28 16226_Sapatenis_24_Horas_Ox_Furos_Azul_1035155.jpg 28 16302_Sapatenis_Flat_1025085.jpg 28 4030_tenis-fila-agile-turf_82034_301_1.jpg 28 !!!!!!!!!!!!!!!!!!!!!0.3
imagem query: 29

 iteracao 0 : 
29 !!!!!!!!!!!!!!!!!!!!!0.0

 iteracao 1 : 
29 9330_Relogio_Classic_Dourado_1086668.jpg 29 !!!!!!!!!!!!!!!!!!!!!0.3

 iteracao 2 : 
29 9330_Relogio_Classic_Dourado_1086668.jpg 29 9327_Relogio_Metal_Dourado_1086667.jpg 29 !!!!!!!!!!!!!!!!!!!!!0.2

 iteracao 3 : 
29 9330_Relogio_Classic_Dourado_1086668.jpg 29 9327_Relogio_Metal_Dourado_1086667.jpg 29 9352_Relogio_Brilho_Dourado_1086700.jpg 29 !!!!!!!!!!!!!!!!!!!!!0.2

 iteracao 4 : 
29 9330_Relogio_Classic_Dourado_1086668.jpg 29 9327_Relogio_Metal_Dourado_1086667.jpg 29 9352_Relogio_Brilho_Dourado_1086700.jpg 29 9385_Relogio_Coracoes_Dourado_1086704.jpg 29 !!!!!!!!!!!!!!!!!!!!!0.5
imagem query: 30

 iteracao 0 : 
30 !!!!!!!!!!!!!!!!!!!!!0.9

 iteracao 1 : 
30 7072_Camisa_Fast_Xadrez_1035915.jpg 30 !!!!!!!!!!!!!!!!!!!!!0.8

 iteracao 2 : 
30 7072_Camisa_Fast_Xadrez_1035915.jpg 30 7138_Camisa_Light_Xadrez_1030701.jpg 30 !!!!!!!!!!!!!!!!!!!!!0.7

 iteracao 3 : 
30 7072_Camisa_Fast_Xadrez_1035915.jpg 30 7138_Camisa_Light_Xadrez_1030701.jpg 30 7162_Camisa_Monaco_Xadrez_1035405.jpg 30 !!!!!!!!!!!!!!!!!!!!!0.8

 iteracao 4 : 
30 7072_Camisa_Fast_Xadrez_1035915.jpg 30 7138_Camisa_Light_Xadrez_1030701.jpg 30 7162_Camisa_Monaco_Xadrez_1035405.jpg 30 7098_Camisa_Mand_Xadrez_1039022.jpg 30 !!!!!!!!!!!!!!!!!!!!!0.8
imagem query: 31

 iteracao 0 : 
31 !!!!!!!!!!!!!!!!!!!!!0.0

 iteracao 1 : 
31 7203_Camisa_Liberty_Floral_1039023.jpg 31 !!!!!!!!!!!!!!!!!!!!!0.4

 iteracao 2 : 
31 7203_Camisa_Liberty_Floral_1039023.jpg 31 7245_Camisa_Look_Xadrez_1057848.jpg 31 !!!!!!!!!!!!!!!!!!!!!0.2

 iteracao 3 : 
31 7203_Camisa_Liberty_Floral_1039023.jpg 31 7245_Camisa_Look_Xadrez_1057848.jpg 31 7251_Camisa_Dubai_Listra_1040709.jpg 31 !!!!!!!!!!!!!!!!!!!!!0.2

 iteracao 4 : 
31 7203_Camisa_Liberty_Floral_1039023.jpg 31 7245_Camisa_Look_Xadrez_1057848.jpg 31 7251_Camisa_Dubai_Listra_1040709.jpg 31 7025_Camisa_Classic_Xadrez_1025523.jpg 31 !!!!!!!!!!!!!!!!!!!!!0.1
imagem query: 32

 iteracao 0 : 
32 !!!!!!!!!!!!!!!!!!!!!0.1

 iteracao 1 : 
32 10367_Bota_Ferragens_Preta_1066163.jpg 32 !!!!!!!!!!!!!!!!!!!!!0.3

 iteracao 2 : 
32 10367_Bota_Ferragens_Preta_1066163.jpg 32 10151_Bota_Style_Preta_1061303.jpg 32 !!!!!!!!!!!!!!!!!!!!!0.4

 iteracao 3 : 
32 10367_Bota_Ferragens_Preta_1066163.jpg 32 10151_Bota_Style_Preta_1061303.jpg 32 10465_Bota_Montaria_Matelasse_Preta__1063398.jpg 32 !!!!!!!!!!!!!!!!!!!!!0.6

 iteracao 4 : 
32 10367_Bota_Ferragens_Preta_1066163.jpg 32 10151_Bota_Style_Preta_1061303.jpg 32 10465_Bota_Montaria_Matelasse_Preta__1063398.jpg 32 10264_Bota_Franja_Preta_1067263.jpg 32 !!!!!!!!!!!!!!!!!!!!!0.3
imagem query: 33

 iteracao 0 : 
33 !!!!!!!!!!!!!!!!!!!!!0.0

 iteracao 1 : 
33 16602_Top_Nadador_Seamless_Preto_1058661.jpg 33 !!!!!!!!!!!!!!!!!!!!!0.9

 iteracao 2 : 
33 16602_Top_Nadador_Seamless_Preto_1058661.jpg 33 3908_Camiseta_Renda_Preta_1026874.jpg 33 !!!!!!!!!!!!!!!!!!!!!0.9

 iteracao 3 : 
33 16602_Top_Nadador_Seamless_Preto_1058661.jpg 33 3908_Camiseta_Renda_Preta_1026874.jpg 33 16928_Top_Ciclista_preto_com_detalhe_transparente__1032217.jpg 33 !!!!!!!!!!!!!!!!!!!!!0.7

 iteracao 4 : 
33 16602_Top_Nadador_Seamless_Preto_1058661.jpg 33 3908_Camiseta_Renda_Preta_1026874.jpg 33 16928_Top_Ciclista_preto_com_detalhe_transparente__1032217.jpg 33 16557_Top_Easyway_Preto_1051061.jpg 33 !!!!!!!!!!!!!!!!!!!!!0.7
imagem query: 35

 iteracao 0 : 
35 !!!!!!!!!!!!!!!!!!!!!0.1

 iteracao 1 : 
35 4425_Shorts_Saia_Estampado_Multicolorido_118933.jpg 35 !!!!!!!!!!!!!!!!!!!!!0.2

 iteracao 2 : 
35 4425_Shorts_Saia_Estampado_Multicolorido_118933.jpg 35 4330_Shorts_Jeans_Love_Azul_1046311.jpg 35 !!!!!!!!!!!!!!!!!!!!!0.2

 iteracao 3 : 
35 4425_Shorts_Saia_Estampado_Multicolorido_118933.jpg 35 4330_Shorts_Jeans_Love_Azul_1046311.jpg 35 16650_Shorts_Detalhes_Preto_1050456.jpg 35 !!!!!!!!!!!!!!!!!!!!!0.1

 iteracao 4 : 
35 4425_Shorts_Saia_Estampado_Multicolorido_118933.jpg 35 4330_Shorts_Jeans_Love_Azul_1046311.jpg 35 16650_Shorts_Detalhes_Preto_1050456.jpg 35 4246_Shorts_Babado_Cinza_1031764.jpg 35 !!!!!!!!!!!!!!!!!!!!!0.1
imagem query: 36

 iteracao 0 : 
36 !!!!!!!!!!!!!!!!!!!!!0.7

 iteracao 1 : 
36 4628_Shorts_Cinto_Top_Bege_1042488.jpg 36 !!!!!!!!!!!!!!!!!!!!!0.5

 iteracao 2 : 
36 4628_Shorts_Cinto_Top_Bege_1042488.jpg 36 3175_Saia_Comportamento_Off_white_1049121.jpg 36 !!!!!!!!!!!!!!!!!!!!!0.5

 iteracao 3 : 
36 4628_Shorts_Cinto_Top_Bege_1042488.jpg 36 3175_Saia_Comportamento_Off_white_1049121.jpg 36 4218_Shorts_Jeans_Basic_Branco_143373.jpg 36 !!!!!!!!!!!!!!!!!!!!!0.5

 iteracao 4 : 
36 4628_Shorts_Cinto_Top_Bege_1042488.jpg 36 3175_Saia_Comportamento_Off_white_1049121.jpg 36 4218_Shorts_Jeans_Basic_Branco_143373.jpg 36 2337_short-suriene-branco_88401_301_1.jpg 36 !!!!!!!!!!!!!!!!!!!!!0.6
imagem query: 38

 iteracao 0 : 
38 !!!!!!!!!!!!!!!!!!!!!0.3

 iteracao 1 : 
38 1523_Blusa_Alca_Nude_1052335.jpg 38 !!!!!!!!!!!!!!!!!!!!!0.2

 iteracao 2 : 
38 1523_Blusa_Alca_Nude_1052335.jpg 38 2526_Blusa_Babados_Multicolorido_132293.jpg 38 !!!!!!!!!!!!!!!!!!!!!0.1

 iteracao 3 : 
38 1523_Blusa_Alca_Nude_1052335.jpg 38 2526_Blusa_Babados_Multicolorido_132293.jpg 38 2218_Regata_Babados_e_Brilhos_Listra_1030764.jpg 38 !!!!!!!!!!!!!!!!!!!!!0.2

 iteracao 4 : 
38 1523_Blusa_Alca_Nude_1052335.jpg 38 2526_Blusa_Babados_Multicolorido_132293.jpg 38 2218_Regata_Babados_e_Brilhos_Listra_1030764.jpg 38 1150_Blusa_Rococo_Floral_1066340.jpg 38 !!!!!!!!!!!!!!!!!!!!!0.1
imagem query: 41

 iteracao 0 : 
41 !!!!!!!!!!!!!!!!!!!!!0.0

 iteracao 1 : 
41 1055_Vestido_Basico_Rosa_1055383.jpg 41 !!!!!!!!!!!!!!!!!!!!!0.7

 iteracao 2 : 
41 1055_Vestido_Basico_Rosa_1055383.jpg 41 3576_Macaquinho_Shorts_Saia_Multicolorido_144643.jpg 41 !!!!!!!!!!!!!!!!!!!!!0.7

 iteracao 3 : 
41 1055_Vestido_Basico_Rosa_1055383.jpg 41 3576_Macaquinho_Shorts_Saia_Multicolorido_144643.jpg 41 1085_Vestido_Atonico_Onca_1034189.jpg 41 !!!!!!!!!!!!!!!!!!!!!0.8

 iteracao 4 : 
41 1055_Vestido_Basico_Rosa_1055383.jpg 41 3576_Macaquinho_Shorts_Saia_Multicolorido_144643.jpg 41 1085_Vestido_Atonico_Onca_1034189.jpg 41 317_Vestido_Flame_Dinha_Coral_125062.jpg 41 !!!!!!!!!!!!!!!!!!!!!0.5
imagem query: 42

 iteracao 0 : 
42 !!!!!!!!!!!!!!!!!!!!!0.1

 iteracao 1 : 
42 938_Vestido_Curto_Renda_Preto_1052481.jpg 42 !!!!!!!!!!!!!!!!!!!!!0.2

 iteracao 2 : 
42 938_Vestido_Curto_Renda_Preto_1052481.jpg 42 2_Vestido_Decote_Costas_Preto_118995.jpg 42 !!!!!!!!!!!!!!!!!!!!!0.4

 iteracao 3 : 
42 938_Vestido_Curto_Renda_Preto_1052481.jpg 42 2_Vestido_Decote_Costas_Preto_118995.jpg 42 675_Vestido_Torcido_Preto_1052311.jpg 42 !!!!!!!!!!!!!!!!!!!!!0.8

 iteracao 4 : 
42 938_Vestido_Curto_Renda_Preto_1052481.jpg 42 2_Vestido_Decote_Costas_Preto_118995.jpg 42 675_Vestido_Torcido_Preto_1052311.jpg 42 154_Vestido_Nervuras_Preto_1052285.jpg 42 !!!!!!!!!!!!!!!!!!!!!0.6
imagem query: 43

 iteracao 0 : 
43 !!!!!!!!!!!!!!!!!!!!!0.0

 iteracao 1 : 
43 423_Vestido_Renda_Bege_132333.jpg 43 !!!!!!!!!!!!!!!!!!!!!0.0

 iteracao 2 : 
43 423_Vestido_Renda_Bege_132333.jpg 43 938_Vestido_Curto_Renda_Preto_1052481.jpg 43 !!!!!!!!!!!!!!!!!!!!!0.1

 iteracao 3 : 
43 423_Vestido_Renda_Bege_132333.jpg 43 938_Vestido_Curto_Renda_Preto_1052481.jpg 43 4372_vestido-juvenil-preto-com-estampa_85539_301_1.jpg 43 !!!!!!!!!!!!!!!!!!!!!0.2

 iteracao 4 : 
43 423_Vestido_Renda_Bege_132333.jpg 43 938_Vestido_Curto_Renda_Preto_1052481.jpg 43 4372_vestido-juvenil-preto-com-estampa_85539_301_1.jpg 43 931_Vestido_Curto_Preto_1044224.jpg 43 !!!!!!!!!!!!!!!!!!!!!0.1
imagem query: 44

 iteracao 0 : 
44 !!!!!!!!!!!!!!!!!!!!!0.2

 iteracao 1 : 
44 3490_Macaquinho_Amarracao_Branco_1045895.jpg 44 !!!!!!!!!!!!!!!!!!!!!0.1

 iteracao 2 : 
44 3490_Macaquinho_Amarracao_Branco_1045895.jpg 44 336_Vestido_Lambreta_Cinza_1046159.jpg 44 !!!!!!!!!!!!!!!!!!!!!0.1

 iteracao 3 : 
44 3490_Macaquinho_Amarracao_Branco_1045895.jpg 44 336_Vestido_Lambreta_Cinza_1046159.jpg 44 893_Vestido_Pregas_Cobra_1039609.jpg 44 !!!!!!!!!!!!!!!!!!!!!0.3

 iteracao 4 : 
44 3490_Macaquinho_Amarracao_Branco_1045895.jpg 44 336_Vestido_Lambreta_Cinza_1046159.jpg 44 893_Vestido_Pregas_Cobra_1039609.jpg 44 1097_Vestido_Selva_Cobra_1041111.jpg 44 !!!!!!!!!!!!!!!!!!!!!0.5
imagem query: 46

 iteracao 0 : 
46 !!!!!!!!!!!!!!!!!!!!!0.2

 iteracao 1 : 
46 1745_Blusa_Branco_decote_nadador_117270.jpg 46 !!!!!!!!!!!!!!!!!!!!!0.2

 iteracao 2 : 
46 1745_Blusa_Branco_decote_nadador_117270.jpg 46 2723_Blusa_Silk_Cinza_129702.jpg 46 !!!!!!!!!!!!!!!!!!!!!0.2

 iteracao 3 : 
46 1745_Blusa_Branco_decote_nadador_117270.jpg 46 2723_Blusa_Silk_Cinza_129702.jpg 46 2624_Camiseta_Estampa_Mulher_Branca_1031821.jpg 46 !!!!!!!!!!!!!!!!!!!!!0.2

 iteracao 4 : 
46 1745_Blusa_Branco_decote_nadador_117270.jpg 46 2723_Blusa_Silk_Cinza_129702.jpg 46 2624_Camiseta_Estampa_Mulher_Branca_1031821.jpg 46 269_tunica-melick-branca_84527_301_1.jpg 46 !!!!!!!!!!!!!!!!!!!!!0.2
imagem query: 47

 iteracao 0 : 
47 !!!!!!!!!!!!!!!!!!!!!0.3

 iteracao 1 : 
47 12749_Sandalia_Recortes_Bege_1051873.jpg 47 !!!!!!!!!!!!!!!!!!!!!0.2

 iteracao 2 : 
47 12749_Sandalia_Recortes_Bege_1051873.jpg 47 12500_Sandalia_Charme_Caramelo_1049780.jpg 47 !!!!!!!!!!!!!!!!!!!!!0.2

 iteracao 3 : 
47 12749_Sandalia_Recortes_Bege_1051873.jpg 47 12500_Sandalia_Charme_Caramelo_1049780.jpg 47 11567_Peep_Toe_Espadrilha_Bege_1057397.jpg 47 !!!!!!!!!!!!!!!!!!!!!0.2

 iteracao 4 : 
47 12749_Sandalia_Recortes_Bege_1051873.jpg 47 12500_Sandalia_Charme_Caramelo_1049780.jpg 47 11567_Peep_Toe_Espadrilha_Bege_1057397.jpg 47 12931_Sandalia_Laco_Marrom_80500.jpg 47 !!!!!!!!!!!!!!!!!!!!!0.2
imagem query: 50

 iteracao 0 : 
50 !!!!!!!!!!!!!!!!!!!!!0.2

 iteracao 1 : 
50 4455_Shorts_Couro_Vermelho_138994.jpg 50 !!!!!!!!!!!!!!!!!!!!!0.2

 iteracao 2 : 
50 4455_Shorts_Couro_Vermelho_138994.jpg 50 16539_Shorts_Bolinhas_Preto_96032.jpg 50 !!!!!!!!!!!!!!!!!!!!!0.3

 iteracao 3 : 
50 4455_Shorts_Couro_Vermelho_138994.jpg 50 16539_Shorts_Bolinhas_Preto_96032.jpg 50 2348_short-sarja-feminino-rosa-triton_117989_301_1.jpg 50 !!!!!!!!!!!!!!!!!!!!!0.3

 iteracao 4 : 
50 4455_Shorts_Couro_Vermelho_138994.jpg 50 16539_Shorts_Bolinhas_Preto_96032.jpg 50 2348_short-sarja-feminino-rosa-triton_117989_301_1.jpg 50 2319_short-forest-estampado_84500_301_1.jpg 50 !!!!!!!!!!!!!!!!!!!!!0.3
Valor do fitness: 0.3933334
resultado particao 0 : 0.39333340525627136
imagem query: 2

 iteracao 0 : 
2 !!!!!!!!!!!!!!!!!!!!!0.2

 iteracao 1 : 
2 9951_Open_Boot_Vazada_Caramelo_1041289.jpg 2 !!!!!!!!!!!!!!!!!!!!!0.2

 iteracao 2 : 
2 9951_Open_Boot_Vazada_Caramelo_1041289.jpg 2 11722_Peep_Toe_Basica_Cobra_1066792.jpg 2 !!!!!!!!!!!!!!!!!!!!!0.2

 iteracao 3 : 
2 9951_Open_Boot_Vazada_Caramelo_1041289.jpg 2 11722_Peep_Toe_Basica_Cobra_1066792.jpg 2 11581_Peep_Toe_Vazado_Bege_1060986.jpg 2 !!!!!!!!!!!!!!!!!!!!!0.1

 iteracao 4 : 
2 9951_Open_Boot_Vazada_Caramelo_1041289.jpg 2 11722_Peep_Toe_Basica_Cobra_1066792.jpg 2 11581_Peep_Toe_Vazado_Bege_1060986.jpg 2 12220_Peep_Toe_Soraya_Marrom_76789.jpg 2 !!!!!!!!!!!!!!!!!!!!!0.1
imagem query: 4

 iteracao 0 : 
4 !!!!!!!!!!!!!!!!!!!!!0.4

 iteracao 1 : 
4 1266_blusa-estampado-pakalolo_116724_301_1.jpg 4 !!!!!!!!!!!!!!!!!!!!!0.2

 iteracao 2 : 
4 1266_blusa-estampado-pakalolo_116724_301_1.jpg 4 1339_Blusa_Renda_Rosa_1052595.jpg 4 !!!!!!!!!!!!!!!!!!!!!0.2

 iteracao 3 : 
4 1266_blusa-estampado-pakalolo_116724_301_1.jpg 4 1339_Blusa_Renda_Rosa_1052595.jpg 4 2058_macaquinho-floral_83384_301_1.jpg 4 !!!!!!!!!!!!!!!!!!!!!0.2

 iteracao 4 : 
4 1266_blusa-estampado-pakalolo_116724_301_1.jpg 4 1339_Blusa_Renda_Rosa_1052595.jpg 4 2058_macaquinho-floral_83384_301_1.jpg 4 2827_Blusa_Estampa_Branco_1045070.jpg 4 !!!!!!!!!!!!!!!!!!!!!0.2
imagem query: 5

 iteracao 0 : 
5 !!!!!!!!!!!!!!!!!!!!!0.2

 iteracao 1 : 
5 884_Vestido_Work_Rosa_1052225.jpg 5 !!!!!!!!!!!!!!!!!!!!!0.1

 iteracao 2 : 
5 884_Vestido_Work_Rosa_1052225.jpg 5 1532_Kit_2_Blusas_Basicas_Multicolorida_1044108.jpg 5 !!!!!!!!!!!!!!!!!!!!!0.1

 iteracao 3 : 
5 884_Vestido_Work_Rosa_1052225.jpg 5 1532_Kit_2_Blusas_Basicas_Multicolorida_1044108.jpg 5 2533_Blusa_Intenso_Rosa_1047361.jpg 5 !!!!!!!!!!!!!!!!!!!!!0.2

 iteracao 4 : 
5 884_Vestido_Work_Rosa_1052225.jpg 5 1532_Kit_2_Blusas_Basicas_Multicolorida_1044108.jpg 5 2533_Blusa_Intenso_Rosa_1047361.jpg 5 16613_Regata_TP_Mesh_Layer_Tank_Rosa_83198.jpg 5 !!!!!!!!!!!!!!!!!!!!!0.1
imagem query: 6

 iteracao 0 : 
6 !!!!!!!!!!!!!!!!!!!!!0.8

 iteracao 1 : 
6 7138_Camisa_Light_Xadrez_1030701.jpg 6 !!!!!!!!!!!!!!!!!!!!!0.7

 iteracao 2 : 
6 7138_Camisa_Light_Xadrez_1030701.jpg 6 7183_Camisa_Xadrez_mangas_longas_129490.jpg 6 !!!!!!!!!!!!!!!!!!!!!0.6

 iteracao 3 : 
6 7138_Camisa_Light_Xadrez_1030701.jpg 6 7183_Camisa_Xadrez_mangas_longas_129490.jpg 6 7162_Camisa_Monaco_Xadrez_1035405.jpg 6 !!!!!!!!!!!!!!!!!!!!!0.6

 iteracao 4 : 
6 7138_Camisa_Light_Xadrez_1030701.jpg 6 7183_Camisa_Xadrez_mangas_longas_129490.jpg 6 7162_Camisa_Monaco_Xadrez_1035405.jpg 6 7225_Camisa_Estouro_xadrez_1030698.jpg 6 !!!!!!!!!!!!!!!!!!!!!0.6
imagem query: 7

 iteracao 0 : 
7 !!!!!!!!!!!!!!!!!!!!!0.0

 iteracao 1 : 
7 8279_Bolsa_Trama_Marrom_1076479.jpg 7 !!!!!!!!!!!!!!!!!!!!!0.1

 iteracao 2 : 
7 8279_Bolsa_Trama_Marrom_1076479.jpg 7 8369_Bolsa_Trevo_Preta_1077101.jpg 7 !!!!!!!!!!!!!!!!!!!!!0.3

 iteracao 3 : 
7 8279_Bolsa_Trama_Marrom_1076479.jpg 7 8369_Bolsa_Trevo_Preta_1077101.jpg 7 8846_Bolsa_Amassada_Preta_54345.jpg 7 !!!!!!!!!!!!!!!!!!!!!0.4

 iteracao 4 : 
7 8279_Bolsa_Trama_Marrom_1076479.jpg 7 8369_Bolsa_Trevo_Preta_1077101.jpg 7 8846_Bolsa_Amassada_Preta_54345.jpg 7 8927_Bolsa_Matelasse_Preta_1054063.jpg 7 !!!!!!!!!!!!!!!!!!!!!0.4
imagem query: 8

 iteracao 0 : 
8 !!!!!!!!!!!!!!!!!!!!!0.1

 iteracao 1 : 
8 8150_Bolsa_Ziper_Vermelha_1094442.jpg 8 !!!!!!!!!!!!!!!!!!!!!0.5

 iteracao 2 : 
8 8150_Bolsa_Ziper_Vermelha_1094442.jpg 8 8608_Bolsa_Fivela_Trevo_Vermelha_1076390.jpg 8 !!!!!!!!!!!!!!!!!!!!!0.5

 iteracao 3 : 
8 8150_Bolsa_Ziper_Vermelha_1094442.jpg 8 8608_Bolsa_Fivela_Trevo_Vermelha_1076390.jpg 8 8614_Bolsa_Textura_Vermelha_1096676.jpg 8 !!!!!!!!!!!!!!!!!!!!!0.4

 iteracao 4 : 
8 8150_Bolsa_Ziper_Vermelha_1094442.jpg 8 8608_Bolsa_Fivela_Trevo_Vermelha_1076390.jpg 8 8614_Bolsa_Textura_Vermelha_1096676.jpg 8 8216_Bolsa_Lapela_Vermelha_1077073.jpg 8 !!!!!!!!!!!!!!!!!!!!!0.5
imagem query: 10

 iteracao 0 : 
10 !!!!!!!!!!!!!!!!!!!!!0.5

 iteracao 1 : 
10 11323_Peep_Toe_Laco_Vermelho_1062793.jpg 10 !!!!!!!!!!!!!!!!!!!!!0.5

 iteracao 2 : 
10 11323_Peep_Toe_Laco_Vermelho_1062793.jpg 10 3410_sapato-bege-e-turquesa-com-laco-aplicado_81030_301_1.jpg 10 !!!!!!!!!!!!!!!!!!!!!0.6

 iteracao 3 : 
10 11323_Peep_Toe_Laco_Vermelho_1062793.jpg 10 3410_sapato-bege-e-turquesa-com-laco-aplicado_81030_301_1.jpg 10 14693_Scarpin_Laco_Vermelho_1059824.jpg 10 !!!!!!!!!!!!!!!!!!!!!0.7

 iteracao 4 : 
10 11323_Peep_Toe_Laco_Vermelho_1062793.jpg 10 3410_sapato-bege-e-turquesa-com-laco-aplicado_81030_301_1.jpg 10 14693_Scarpin_Laco_Vermelho_1059824.jpg 10 11625_Peep_Toe_Recortes_Marrom_1060983.jpg 10 !!!!!!!!!!!!!!!!!!!!!0.7
imagem query: 12

 iteracao 0 : 
12 !!!!!!!!!!!!!!!!!!!!!0.0

 iteracao 1 : 
12 14619_Scarpin_Textura_Onca_1065674.jpg 12 !!!!!!!!!!!!!!!!!!!!!0.1

 iteracao 2 : 
12 14619_Scarpin_Textura_Onca_1065674.jpg 12 9602_Ankle_Boot_Glam_Onca_1078375.jpg 12 !!!!!!!!!!!!!!!!!!!!!0.1

 iteracao 3 : 
12 14619_Scarpin_Textura_Onca_1065674.jpg 12 9602_Ankle_Boot_Glam_Onca_1078375.jpg 12 9697_Ankle_Boot_Fivela_Onca_1071186.jpg 12 !!!!!!!!!!!!!!!!!!!!!0.1

 iteracao 4 : 
12 14619_Scarpin_Textura_Onca_1065674.jpg 12 9602_Ankle_Boot_Glam_Onca_1078375.jpg 12 9697_Ankle_Boot_Fivela_Onca_1071186.jpg 12 9646_Ankle_Boot_Luciana_Gimenez_Geysa_Onca_1067023.jpg 12 !!!!!!!!!!!!!!!!!!!!!0.1
imagem query: 13

 iteracao 0 : 
13 !!!!!!!!!!!!!!!!!!!!!0.7

 iteracao 1 : 
13 13774_Sapatilha_Laco_Floral_1043057.jpg 13 !!!!!!!!!!!!!!!!!!!!!0.3

 iteracao 2 : 
13 13774_Sapatilha_Laco_Floral_1043057.jpg 13 3398_sapatilha-floral-com-laco-aplicado_80964_301_1.jpg 13 !!!!!!!!!!!!!!!!!!!!!0.4

 iteracao 3 : 
13 13774_Sapatilha_Laco_Floral_1043057.jpg 13 3398_sapatilha-floral-com-laco-aplicado_80964_301_1.jpg 13 13100_Sapatilha_Laco_Strass_Nude_1071229.jpg 13 !!!!!!!!!!!!!!!!!!!!!0.4

 iteracao 4 : 
13 13774_Sapatilha_Laco_Floral_1043057.jpg 13 3398_sapatilha-floral-com-laco-aplicado_80964_301_1.jpg 13 13100_Sapatilha_Laco_Strass_Nude_1071229.jpg 13 13769_Sapatilha_Elastico_Foral_1043047.jpg 13 !!!!!!!!!!!!!!!!!!!!!0.4
imagem query: 16

 iteracao 0 : 
16 !!!!!!!!!!!!!!!!!!!!!0.0

 iteracao 1 : 
16 3170_Saia_Corrente_Azul_1049205.jpg 16 !!!!!!!!!!!!!!!!!!!!!0.0

 iteracao 2 : 
16 3170_Saia_Corrente_Azul_1049205.jpg 16 4633_Shorts_Jeans_Dobra_Azul_1042110.jpg 16 !!!!!!!!!!!!!!!!!!!!!0.5

 iteracao 3 : 
16 3170_Saia_Corrente_Azul_1049205.jpg 16 4633_Shorts_Jeans_Dobra_Azul_1042110.jpg 16 4694_Bermuda_Correntes_Azul_115236.jpg 16 !!!!!!!!!!!!!!!!!!!!!0.4

 iteracao 4 : 
16 3170_Saia_Corrente_Azul_1049205.jpg 16 4633_Shorts_Jeans_Dobra_Azul_1042110.jpg 16 4694_Bermuda_Correntes_Azul_115236.jpg 16 4387_Shorts_Jeans_Rose_Azul_1041969.jpg 16 !!!!!!!!!!!!!!!!!!!!!0.4
imagem query: 18

 iteracao 0 : 
18 !!!!!!!!!!!!!!!!!!!!!0.9

 iteracao 1 : 
18 368_Vestido_Navio_Branco_1046157.jpg 18 !!!!!!!!!!!!!!!!!!!!!0.7

 iteracao 2 : 
18 368_Vestido_Navio_Branco_1046157.jpg 18 855_Vestido_Luxor_Branco_1044797.jpg 18 !!!!!!!!!!!!!!!!!!!!!0.8

 iteracao 3 : 
18 368_Vestido_Navio_Branco_1046157.jpg 18 855_Vestido_Luxor_Branco_1044797.jpg 18 912_Vestido_Tahiti_Branco_1039267.jpg 18 !!!!!!!!!!!!!!!!!!!!!0.9

 iteracao 4 : 
18 368_Vestido_Navio_Branco_1046157.jpg 18 855_Vestido_Luxor_Branco_1044797.jpg 18 912_Vestido_Tahiti_Branco_1039267.jpg 18 323_Vestido_Suave_Off_White_1049163.jpg 18 !!!!!!!!!!!!!!!!!!!!!0.6
imagem query: 19

 iteracao 0 : 
19 !!!!!!!!!!!!!!!!!!!!!0.0

 iteracao 1 : 
19 471_blusa-roxo-criativa_116615_301_1.jpg 19 !!!!!!!!!!!!!!!!!!!!!0.0

 iteracao 2 : 
19 471_blusa-roxo-criativa_116615_301_1.jpg 19 2893_Blusa_Maxi_Pull_Azul_1038724.jpg 19 !!!!!!!!!!!!!!!!!!!!!0.1

 iteracao 3 : 
19 471_blusa-roxo-criativa_116615_301_1.jpg 19 2893_Blusa_Maxi_Pull_Azul_1038724.jpg 19 1257_blusa-estampado-criativa_116644_301_1.jpg 19 !!!!!!!!!!!!!!!!!!!!!0.1

 iteracao 4 : 
19 471_blusa-roxo-criativa_116615_301_1.jpg 19 2893_Blusa_Maxi_Pull_Azul_1038724.jpg 19 1257_blusa-estampado-criativa_116644_301_1.jpg 19 1100_blusa-rosa-pakalolo_116538_301_1.jpg 19 !!!!!!!!!!!!!!!!!!!!!0.1
imagem query: 21

 iteracao 0 : 
21 !!!!!!!!!!!!!!!!!!!!!1.0
imagem query: 24

 iteracao 0 : 
24 !!!!!!!!!!!!!!!!!!!!!0.0

 iteracao 1 : 
24 16650_Shorts_Detalhes_Preto_1050456.jpg 24 !!!!!!!!!!!!!!!!!!!!!0.2

 iteracao 2 : 
24 16650_Shorts_Detalhes_Preto_1050456.jpg 24 4494_Shorts_Asfalto_Preto_1037214.jpg 24 !!!!!!!!!!!!!!!!!!!!!0.4

 iteracao 3 : 
24 16650_Shorts_Detalhes_Preto_1050456.jpg 24 4494_Shorts_Asfalto_Preto_1037214.jpg 24 3403_Saia_Cinto_Azul_1028311.jpg 24 !!!!!!!!!!!!!!!!!!!!!0.2

 iteracao 4 : 
24 16650_Shorts_Detalhes_Preto_1050456.jpg 24 4494_Shorts_Asfalto_Preto_1037214.jpg 24 3403_Saia_Cinto_Azul_1028311.jpg 24 4602_Shorts_Sofia_Preto_1039653.jpg 24 !!!!!!!!!!!!!!!!!!!!!0.3
imagem query: 25

 iteracao 0 : 
25 !!!!!!!!!!!!!!!!!!!!!0.0

 iteracao 1 : 
25 7900_Bermuda_Classic_Xadrez_1054617.jpg 25 !!!!!!!!!!!!!!!!!!!!!0.0

 iteracao 2 : 
25 7900_Bermuda_Classic_Xadrez_1054617.jpg 25 7670_Bermuda_Chino_Xadrez_1035809.jpg 25 !!!!!!!!!!!!!!!!!!!!!0.6

 iteracao 3 : 
25 7900_Bermuda_Classic_Xadrez_1054617.jpg 25 7670_Bermuda_Chino_Xadrez_1035809.jpg 25 7672_Bermuda_Durk_Xadrez_1035811.jpg 25 !!!!!!!!!!!!!!!!!!!!!0.5

 iteracao 4 : 
25 7900_Bermuda_Classic_Xadrez_1054617.jpg 25 7670_Bermuda_Chino_Xadrez_1035809.jpg 25 7672_Bermuda_Durk_Xadrez_1035811.jpg 25 7688_Bermuda_Jeans_Giz_Listrada_1041018.jpg 25 !!!!!!!!!!!!!!!!!!!!!0.5
imagem query: 27

 iteracao 0 : 
27 !!!!!!!!!!!!!!!!!!!!!0.0

 iteracao 1 : 
27 5743_Camiseta_Irmaos_Metralha_Cinza_1068835.jpg 27 !!!!!!!!!!!!!!!!!!!!!0.3

 iteracao 2 : 
27 5743_Camiseta_Irmaos_Metralha_Cinza_1068835.jpg 27 6142_Camiseta_Show_Cinza_1040772.jpg 27 !!!!!!!!!!!!!!!!!!!!!0.7

 iteracao 3 : 
27 5743_Camiseta_Irmaos_Metralha_Cinza_1068835.jpg 27 6142_Camiseta_Show_Cinza_1040772.jpg 27 5433_Camiseta_1025308.jpg 27 !!!!!!!!!!!!!!!!!!!!!0.6

 iteracao 4 : 
27 5743_Camiseta_Irmaos_Metralha_Cinza_1068835.jpg 27 6142_Camiseta_Show_Cinza_1040772.jpg 27 5433_Camiseta_1025308.jpg 27 6588_Camiseta_Crazy_Cinza_1058476.jpg 27 !!!!!!!!!!!!!!!!!!!!!0.6
imagem query: 28

 iteracao 0 : 
28 !!!!!!!!!!!!!!!!!!!!!0.8

 iteracao 1 : 
28 3960_tenis-branco-preto_78806_301_1.jpg 28 !!!!!!!!!!!!!!!!!!!!!0.4

 iteracao 2 : 
28 3960_tenis-branco-preto_78806_301_1.jpg 28 16226_Sapatenis_24_Horas_Ox_Furos_Azul_1035155.jpg 28 !!!!!!!!!!!!!!!!!!!!!0.2

 iteracao 3 : 
28 3960_tenis-branco-preto_78806_301_1.jpg 28 16226_Sapatenis_24_Horas_Ox_Furos_Azul_1035155.jpg 28 16302_Sapatenis_Flat_1025085.jpg 28 !!!!!!!!!!!!!!!!!!!!!0.3

 iteracao 4 : 
28 3960_tenis-branco-preto_78806_301_1.jpg 28 16226_Sapatenis_24_Horas_Ox_Furos_Azul_1035155.jpg 28 16302_Sapatenis_Flat_1025085.jpg 28 4030_tenis-fila-agile-turf_82034_301_1.jpg 28 !!!!!!!!!!!!!!!!!!!!!0.3
imagem query: 30

 iteracao 0 : 
30 !!!!!!!!!!!!!!!!!!!!!0.9

 iteracao 1 : 
30 7072_Camisa_Fast_Xadrez_1035915.jpg 30 !!!!!!!!!!!!!!!!!!!!!0.8

 iteracao 2 : 
30 7072_Camisa_Fast_Xadrez_1035915.jpg 30 7138_Camisa_Light_Xadrez_1030701.jpg 30 !!!!!!!!!!!!!!!!!!!!!0.7

 iteracao 3 : 
30 7072_Camisa_Fast_Xadrez_1035915.jpg 30 7138_Camisa_Light_Xadrez_1030701.jpg 30 7162_Camisa_Monaco_Xadrez_1035405.jpg 30 !!!!!!!!!!!!!!!!!!!!!0.8

 iteracao 4 : 
30 7072_Camisa_Fast_Xadrez_1035915.jpg 30 7138_Camisa_Light_Xadrez_1030701.jpg 30 7162_Camisa_Monaco_Xadrez_1035405.jpg 30 7098_Camisa_Mand_Xadrez_1039022.jpg 30 !!!!!!!!!!!!!!!!!!!!!0.8
imagem query: 31

 iteracao 0 : 
31 !!!!!!!!!!!!!!!!!!!!!0.0

 iteracao 1 : 
31 7203_Camisa_Liberty_Floral_1039023.jpg 31 !!!!!!!!!!!!!!!!!!!!!0.4

 iteracao 2 : 
31 7203_Camisa_Liberty_Floral_1039023.jpg 31 7245_Camisa_Look_Xadrez_1057848.jpg 31 !!!!!!!!!!!!!!!!!!!!!0.2

 iteracao 3 : 
31 7203_Camisa_Liberty_Floral_1039023.jpg 31 7245_Camisa_Look_Xadrez_1057848.jpg 31 7251_Camisa_Dubai_Listra_1040709.jpg 31 !!!!!!!!!!!!!!!!!!!!!0.2

 iteracao 4 : 
31 7203_Camisa_Liberty_Floral_1039023.jpg 31 7245_Camisa_Look_Xadrez_1057848.jpg 31 7251_Camisa_Dubai_Listra_1040709.jpg 31 7025_Camisa_Classic_Xadrez_1025523.jpg 31 !!!!!!!!!!!!!!!!!!!!!0.1
imagem query: 32

 iteracao 0 : 
32 !!!!!!!!!!!!!!!!!!!!!0.1

 iteracao 1 : 
32 10367_Bota_Ferragens_Preta_1066163.jpg 32 !!!!!!!!!!!!!!!!!!!!!0.3

 iteracao 2 : 
32 10367_Bota_Ferragens_Preta_1066163.jpg 32 10151_Bota_Style_Preta_1061303.jpg 32 !!!!!!!!!!!!!!!!!!!!!0.4

 iteracao 3 : 
32 10367_Bota_Ferragens_Preta_1066163.jpg 32 10151_Bota_Style_Preta_1061303.jpg 32 10465_Bota_Montaria_Matelasse_Preta__1063398.jpg 32 !!!!!!!!!!!!!!!!!!!!!0.6

 iteracao 4 : 
32 10367_Bota_Ferragens_Preta_1066163.jpg 32 10151_Bota_Style_Preta_1061303.jpg 32 10465_Bota_Montaria_Matelasse_Preta__1063398.jpg 32 10264_Bota_Franja_Preta_1067263.jpg 32 !!!!!!!!!!!!!!!!!!!!!0.3
imagem query: 33

 iteracao 0 : 
33 !!!!!!!!!!!!!!!!!!!!!0.0

 iteracao 1 : 
33 16602_Top_Nadador_Seamless_Preto_1058661.jpg 33 !!!!!!!!!!!!!!!!!!!!!0.9

 iteracao 2 : 
33 16602_Top_Nadador_Seamless_Preto_1058661.jpg 33 3908_Camiseta_Renda_Preta_1026874.jpg 33 !!!!!!!!!!!!!!!!!!!!!0.9

 iteracao 3 : 
33 16602_Top_Nadador_Seamless_Preto_1058661.jpg 33 3908_Camiseta_Renda_Preta_1026874.jpg 33 16928_Top_Ciclista_preto_com_detalhe_transparente__1032217.jpg 33 !!!!!!!!!!!!!!!!!!!!!0.7

 iteracao 4 : 
33 16602_Top_Nadador_Seamless_Preto_1058661.jpg 33 3908_Camiseta_Renda_Preta_1026874.jpg 33 16928_Top_Ciclista_preto_com_detalhe_transparente__1032217.jpg 33 16557_Top_Easyway_Preto_1051061.jpg 33 !!!!!!!!!!!!!!!!!!!!!0.7
imagem query: 35

 iteracao 0 : 
35 !!!!!!!!!!!!!!!!!!!!!0.1

 iteracao 1 : 
35 4425_Shorts_Saia_Estampado_Multicolorido_118933.jpg 35 !!!!!!!!!!!!!!!!!!!!!0.2

 iteracao 2 : 
35 4425_Shorts_Saia_Estampado_Multicolorido_118933.jpg 35 4330_Shorts_Jeans_Love_Azul_1046311.jpg 35 !!!!!!!!!!!!!!!!!!!!!0.2

 iteracao 3 : 
35 4425_Shorts_Saia_Estampado_Multicolorido_118933.jpg 35 4330_Shorts_Jeans_Love_Azul_1046311.jpg 35 16650_Shorts_Detalhes_Preto_1050456.jpg 35 !!!!!!!!!!!!!!!!!!!!!0.1

 iteracao 4 : 
35 4425_Shorts_Saia_Estampado_Multicolorido_118933.jpg 35 4330_Shorts_Jeans_Love_Azul_1046311.jpg 35 16650_Shorts_Detalhes_Preto_1050456.jpg 35 4246_Shorts_Babado_Cinza_1031764.jpg 35 !!!!!!!!!!!!!!!!!!!!!0.1
imagem query: 36

 iteracao 0 : 
36 !!!!!!!!!!!!!!!!!!!!!0.7

 iteracao 1 : 
36 4628_Shorts_Cinto_Top_Bege_1042488.jpg 36 !!!!!!!!!!!!!!!!!!!!!0.5

 iteracao 2 : 
36 4628_Shorts_Cinto_Top_Bege_1042488.jpg 36 3175_Saia_Comportamento_Off_white_1049121.jpg 36 !!!!!!!!!!!!!!!!!!!!!0.5

 iteracao 3 : 
36 4628_Shorts_Cinto_Top_Bege_1042488.jpg 36 3175_Saia_Comportamento_Off_white_1049121.jpg 36 4218_Shorts_Jeans_Basic_Branco_143373.jpg 36 !!!!!!!!!!!!!!!!!!!!!0.5

 iteracao 4 : 
36 4628_Shorts_Cinto_Top_Bege_1042488.jpg 36 3175_Saia_Comportamento_Off_white_1049121.jpg 36 4218_Shorts_Jeans_Basic_Branco_143373.jpg 36 2337_short-suriene-branco_88401_301_1.jpg 36 !!!!!!!!!!!!!!!!!!!!!0.6
imagem query: 37

 iteracao 0 : 
37 !!!!!!!!!!!!!!!!!!!!!0.1

 iteracao 1 : 
37 336_Vestido_Lambreta_Cinza_1046159.jpg 37 !!!!!!!!!!!!!!!!!!!!!0.1

 iteracao 2 : 
37 336_Vestido_Lambreta_Cinza_1046159.jpg 37 893_Vestido_Pregas_Cobra_1039609.jpg 37 !!!!!!!!!!!!!!!!!!!!!0.2

 iteracao 3 : 
37 336_Vestido_Lambreta_Cinza_1046159.jpg 37 893_Vestido_Pregas_Cobra_1039609.jpg 37 1097_Vestido_Selva_Cobra_1041111.jpg 37 !!!!!!!!!!!!!!!!!!!!!0.4

 iteracao 4 : 
37 336_Vestido_Lambreta_Cinza_1046159.jpg 37 893_Vestido_Pregas_Cobra_1039609.jpg 37 1097_Vestido_Selva_Cobra_1041111.jpg 37 608_Vestido_Franja_Bege_1054392.jpg 37 !!!!!!!!!!!!!!!!!!!!!0.3
imagem query: 38

 iteracao 0 : 
38 !!!!!!!!!!!!!!!!!!!!!0.3

 iteracao 1 : 
38 1523_Blusa_Alca_Nude_1052335.jpg 38 !!!!!!!!!!!!!!!!!!!!!0.2

 iteracao 2 : 
38 1523_Blusa_Alca_Nude_1052335.jpg 38 2526_Blusa_Babados_Multicolorido_132293.jpg 38 !!!!!!!!!!!!!!!!!!!!!0.1

 iteracao 3 : 
38 1523_Blusa_Alca_Nude_1052335.jpg 38 2526_Blusa_Babados_Multicolorido_132293.jpg 38 2218_Regata_Babados_e_Brilhos_Listra_1030764.jpg 38 !!!!!!!!!!!!!!!!!!!!!0.2

 iteracao 4 : 
38 1523_Blusa_Alca_Nude_1052335.jpg 38 2526_Blusa_Babados_Multicolorido_132293.jpg 38 2218_Regata_Babados_e_Brilhos_Listra_1030764.jpg 38 1150_Blusa_Rococo_Floral_1066340.jpg 38 !!!!!!!!!!!!!!!!!!!!!0.1
imagem query: 41

 iteracao 0 : 
41 !!!!!!!!!!!!!!!!!!!!!0.0

 iteracao 1 : 
41 1055_Vestido_Basico_Rosa_1055383.jpg 41 !!!!!!!!!!!!!!!!!!!!!0.7

 iteracao 2 : 
41 1055_Vestido_Basico_Rosa_1055383.jpg 41 3576_Macaquinho_Shorts_Saia_Multicolorido_144643.jpg 41 !!!!!!!!!!!!!!!!!!!!!0.7

 iteracao 3 : 
41 1055_Vestido_Basico_Rosa_1055383.jpg 41 3576_Macaquinho_Shorts_Saia_Multicolorido_144643.jpg 41 1085_Vestido_Atonico_Onca_1034189.jpg 41 !!!!!!!!!!!!!!!!!!!!!0.8

 iteracao 4 : 
41 1055_Vestido_Basico_Rosa_1055383.jpg 41 3576_Macaquinho_Shorts_Saia_Multicolorido_144643.jpg 41 1085_Vestido_Atonico_Onca_1034189.jpg 41 317_Vestido_Flame_Dinha_Coral_125062.jpg 41 !!!!!!!!!!!!!!!!!!!!!0.5
imagem query: 42

 iteracao 0 : 
42 !!!!!!!!!!!!!!!!!!!!!0.1

 iteracao 1 : 
42 938_Vestido_Curto_Renda_Preto_1052481.jpg 42 !!!!!!!!!!!!!!!!!!!!!0.2

 iteracao 2 : 
42 938_Vestido_Curto_Renda_Preto_1052481.jpg 42 2_Vestido_Decote_Costas_Preto_118995.jpg 42 !!!!!!!!!!!!!!!!!!!!!0.4

 iteracao 3 : 
42 938_Vestido_Curto_Renda_Preto_1052481.jpg 42 2_Vestido_Decote_Costas_Preto_118995.jpg 42 675_Vestido_Torcido_Preto_1052311.jpg 42 !!!!!!!!!!!!!!!!!!!!!0.8

 iteracao 4 : 
42 938_Vestido_Curto_Renda_Preto_1052481.jpg 42 2_Vestido_Decote_Costas_Preto_118995.jpg 42 675_Vestido_Torcido_Preto_1052311.jpg 42 154_Vestido_Nervuras_Preto_1052285.jpg 42 !!!!!!!!!!!!!!!!!!!!!0.6
imagem query: 45

 iteracao 0 : 
45 !!!!!!!!!!!!!!!!!!!!!0.0

 iteracao 1 : 
45 1426_calca-jeans-feminina-teodora-azul-carina-duek_117868_301_1.jpg 45 !!!!!!!!!!!!!!!!!!!!!0.0

 iteracao 2 : 
45 1426_calca-jeans-feminina-teodora-azul-carina-duek_117868_301_1.jpg 45 3645_Calca_Drapeado_Cinza_111047.jpg 45 !!!!!!!!!!!!!!!!!!!!!0.0

 iteracao 3 : 
45 1426_calca-jeans-feminina-teodora-azul-carina-duek_117868_301_1.jpg 45 3645_Calca_Drapeado_Cinza_111047.jpg 45 3640_Calca_Casuale_Bege_1045867.jpg 45 !!!!!!!!!!!!!!!!!!!!!0.0

 iteracao 4 : 
45 1426_calca-jeans-feminina-teodora-azul-carina-duek_117868_301_1.jpg 45 3645_Calca_Drapeado_Cinza_111047.jpg 45 3640_Calca_Casuale_Bege_1045867.jpg 45 3749_Calca_Paolo_Bege_1039806.jpg 45 !!!!!!!!!!!!!!!!!!!!!0.0
imagem query: 48

 iteracao 0 : 
48 !!!!!!!!!!!!!!!!!!!!!0.0

 iteracao 1 : 
48 12858_Sandalia_Faixas_Cinza_1037849.jpg 48 !!!!!!!!!!!!!!!!!!!!!0.1

 iteracao 2 : 
48 12858_Sandalia_Faixas_Cinza_1037849.jpg 48 12664_Sandalia_Trio_Laco_Bege_1044804.jpg 48 !!!!!!!!!!!!!!!!!!!!!0.2

 iteracao 3 : 
48 12858_Sandalia_Faixas_Cinza_1037849.jpg 48 12664_Sandalia_Trio_Laco_Bege_1044804.jpg 48 12739_Sandalia_Cruzada_Bege_1048803.jpg 48 !!!!!!!!!!!!!!!!!!!!!0.2

 iteracao 4 : 
48 12858_Sandalia_Faixas_Cinza_1037849.jpg 48 12664_Sandalia_Trio_Laco_Bege_1044804.jpg 48 12739_Sandalia_Cruzada_Bege_1048803.jpg 48 13047_Sandalia_Vazada_Bege_1061026.jpg 48 !!!!!!!!!!!!!!!!!!!!!0.1
imagem query: 50

 iteracao 0 : 
50 !!!!!!!!!!!!!!!!!!!!!0.2

 iteracao 1 : 
50 4455_Shorts_Couro_Vermelho_138994.jpg 50 !!!!!!!!!!!!!!!!!!!!!0.2

 iteracao 2 : 
50 4455_Shorts_Couro_Vermelho_138994.jpg 50 16539_Shorts_Bolinhas_Preto_96032.jpg 50 !!!!!!!!!!!!!!!!!!!!!0.3

 iteracao 3 : 
50 4455_Shorts_Couro_Vermelho_138994.jpg 50 16539_Shorts_Bolinhas_Preto_96032.jpg 50 2348_short-sarja-feminino-rosa-triton_117989_301_1.jpg 50 !!!!!!!!!!!!!!!!!!!!!0.3

 iteracao 4 : 
50 4455_Shorts_Couro_Vermelho_138994.jpg 50 16539_Shorts_Bolinhas_Preto_96032.jpg 50 2348_short-sarja-feminino-rosa-triton_117989_301_1.jpg 50 2319_short-forest-estampado_84500_301_1.jpg 50 !!!!!!!!!!!!!!!!!!!!!0.3
Valor do fitness: 0.38000008
resultado particao 1 : 0.3800000846385956
imagem query: 1

 iteracao 0 : 
1 !!!!!!!!!!!!!!!!!!!!!0.1

 iteracao 1 : 
1 10758_Bota_Laco_Preta_1057606.jpg 1 !!!!!!!!!!!!!!!!!!!!!0.0

 iteracao 2 : 
1 10758_Bota_Laco_Preta_1057606.jpg 1 9823_Ankle_Boot_Fivela_Preto_1066294.jpg 1 !!!!!!!!!!!!!!!!!!!!!0.0

 iteracao 3 : 
1 10758_Bota_Laco_Preta_1057606.jpg 1 9823_Ankle_Boot_Fivela_Preto_1066294.jpg 1 10093_Ankle_Boot_Cadarco_Preta_596.jpg 1 !!!!!!!!!!!!!!!!!!!!!0.2

 iteracao 4 : 
1 10758_Bota_Laco_Preta_1057606.jpg 1 9823_Ankle_Boot_Fivela_Preto_1066294.jpg 1 10093_Ankle_Boot_Cadarco_Preta_596.jpg 1 10267_Bota_Fivela_Preta_1062567.jpg 1 !!!!!!!!!!!!!!!!!!!!!0.5
imagem query: 2

 iteracao 0 : 
2 !!!!!!!!!!!!!!!!!!!!!0.2

 iteracao 1 : 
2 9951_Open_Boot_Vazada_Caramelo_1041289.jpg 2 !!!!!!!!!!!!!!!!!!!!!0.2

 iteracao 2 : 
2 9951_Open_Boot_Vazada_Caramelo_1041289.jpg 2 11722_Peep_Toe_Basica_Cobra_1066792.jpg 2 !!!!!!!!!!!!!!!!!!!!!0.2

 iteracao 3 : 
2 9951_Open_Boot_Vazada_Caramelo_1041289.jpg 2 11722_Peep_Toe_Basica_Cobra_1066792.jpg 2 11581_Peep_Toe_Vazado_Bege_1060986.jpg 2 !!!!!!!!!!!!!!!!!!!!!0.1

 iteracao 4 : 
2 9951_Open_Boot_Vazada_Caramelo_1041289.jpg 2 11722_Peep_Toe_Basica_Cobra_1066792.jpg 2 11581_Peep_Toe_Vazado_Bege_1060986.jpg 2 12220_Peep_Toe_Soraya_Marrom_76789.jpg 2 !!!!!!!!!!!!!!!!!!!!!0.1
imagem query: 3

 iteracao 0 : 
3 !!!!!!!!!!!!!!!!!!!!!0.1

 iteracao 1 : 
3 633_Vestido_Flores_Azul_1052853.jpg 3 !!!!!!!!!!!!!!!!!!!!!0.0

 iteracao 2 : 
3 633_Vestido_Flores_Azul_1052853.jpg 3 1757_Blusa_Garden_Floral_1052891.jpg 3 !!!!!!!!!!!!!!!!!!!!!0.0

 iteracao 3 : 
3 633_Vestido_Flores_Azul_1052853.jpg 3 1757_Blusa_Garden_Floral_1052891.jpg 3 1240_Regata_Petit_Geometria_Multicolorida_1066007.jpg 3 !!!!!!!!!!!!!!!!!!!!!0.0

 iteracao 4 : 
3 633_Vestido_Flores_Azul_1052853.jpg 3 1757_Blusa_Garden_Floral_1052891.jpg 3 1240_Regata_Petit_Geometria_Multicolorida_1066007.jpg 3 2481_Blusa_Costas_Nadador_Estampada_em_Bege_112599.jpg 3 !!!!!!!!!!!!!!!!!!!!!0.0
imagem query: 4

 iteracao 0 : 
4 !!!!!!!!!!!!!!!!!!!!!0.4

 iteracao 1 : 
4 1266_blusa-estampado-pakalolo_116724_301_1.jpg 4 !!!!!!!!!!!!!!!!!!!!!0.2

 iteracao 2 : 
4 1266_blusa-estampado-pakalolo_116724_301_1.jpg 4 1339_Blusa_Renda_Rosa_1052595.jpg 4 !!!!!!!!!!!!!!!!!!!!!0.2

 iteracao 3 : 
4 1266_blusa-estampado-pakalolo_116724_301_1.jpg 4 1339_Blusa_Renda_Rosa_1052595.jpg 4 2058_macaquinho-floral_83384_301_1.jpg 4 !!!!!!!!!!!!!!!!!!!!!0.2

 iteracao 4 : 
4 1266_blusa-estampado-pakalolo_116724_301_1.jpg 4 1339_Blusa_Renda_Rosa_1052595.jpg 4 2058_macaquinho-floral_83384_301_1.jpg 4 2827_Blusa_Estampa_Branco_1045070.jpg 4 !!!!!!!!!!!!!!!!!!!!!0.2
imagem query: 5

 iteracao 0 : 
5 !!!!!!!!!!!!!!!!!!!!!0.2

 iteracao 1 : 
5 884_Vestido_Work_Rosa_1052225.jpg 5 !!!!!!!!!!!!!!!!!!!!!0.1

 iteracao 2 : 
5 884_Vestido_Work_Rosa_1052225.jpg 5 1532_Kit_2_Blusas_Basicas_Multicolorida_1044108.jpg 5 !!!!!!!!!!!!!!!!!!!!!0.1

 iteracao 3 : 
5 884_Vestido_Work_Rosa_1052225.jpg 5 1532_Kit_2_Blusas_Basicas_Multicolorida_1044108.jpg 5 2533_Blusa_Intenso_Rosa_1047361.jpg 5 !!!!!!!!!!!!!!!!!!!!!0.2

 iteracao 4 : 
5 884_Vestido_Work_Rosa_1052225.jpg 5 1532_Kit_2_Blusas_Basicas_Multicolorida_1044108.jpg 5 2533_Blusa_Intenso_Rosa_1047361.jpg 5 16613_Regata_TP_Mesh_Layer_Tank_Rosa_83198.jpg 5 !!!!!!!!!!!!!!!!!!!!!0.1
imagem query: 6

 iteracao 0 : 
6 !!!!!!!!!!!!!!!!!!!!!0.8

 iteracao 1 : 
6 7138_Camisa_Light_Xadrez_1030701.jpg 6 !!!!!!!!!!!!!!!!!!!!!0.7

 iteracao 2 : 
6 7138_Camisa_Light_Xadrez_1030701.jpg 6 7183_Camisa_Xadrez_mangas_longas_129490.jpg 6 !!!!!!!!!!!!!!!!!!!!!0.6

 iteracao 3 : 
6 7138_Camisa_Light_Xadrez_1030701.jpg 6 7183_Camisa_Xadrez_mangas_longas_129490.jpg 6 7162_Camisa_Monaco_Xadrez_1035405.jpg 6 !!!!!!!!!!!!!!!!!!!!!0.6

 iteracao 4 : 
6 7138_Camisa_Light_Xadrez_1030701.jpg 6 7183_Camisa_Xadrez_mangas_longas_129490.jpg 6 7162_Camisa_Monaco_Xadrez_1035405.jpg 6 7225_Camisa_Estouro_xadrez_1030698.jpg 6 !!!!!!!!!!!!!!!!!!!!!0.6
imagem query: 7

 iteracao 0 : 
7 !!!!!!!!!!!!!!!!!!!!!0.0

 iteracao 1 : 
7 8279_Bolsa_Trama_Marrom_1076479.jpg 7 !!!!!!!!!!!!!!!!!!!!!0.1

 iteracao 2 : 
7 8279_Bolsa_Trama_Marrom_1076479.jpg 7 8369_Bolsa_Trevo_Preta_1077101.jpg 7 !!!!!!!!!!!!!!!!!!!!!0.3

 iteracao 3 : 
7 8279_Bolsa_Trama_Marrom_1076479.jpg 7 8369_Bolsa_Trevo_Preta_1077101.jpg 7 8846_Bolsa_Amassada_Preta_54345.jpg 7 !!!!!!!!!!!!!!!!!!!!!0.4

 iteracao 4 : 
7 8279_Bolsa_Trama_Marrom_1076479.jpg 7 8369_Bolsa_Trevo_Preta_1077101.jpg 7 8846_Bolsa_Amassada_Preta_54345.jpg 7 8927_Bolsa_Matelasse_Preta_1054063.jpg 7 !!!!!!!!!!!!!!!!!!!!!0.4
imagem query: 8

 iteracao 0 : 
8 !!!!!!!!!!!!!!!!!!!!!0.1

 iteracao 1 : 
8 8150_Bolsa_Ziper_Vermelha_1094442.jpg 8 !!!!!!!!!!!!!!!!!!!!!0.5

 iteracao 2 : 
8 8150_Bolsa_Ziper_Vermelha_1094442.jpg 8 8608_Bolsa_Fivela_Trevo_Vermelha_1076390.jpg 8 !!!!!!!!!!!!!!!!!!!!!0.5

 iteracao 3 : 
8 8150_Bolsa_Ziper_Vermelha_1094442.jpg 8 8608_Bolsa_Fivela_Trevo_Vermelha_1076390.jpg 8 8614_Bolsa_Textura_Vermelha_1096676.jpg 8 !!!!!!!!!!!!!!!!!!!!!0.4

 iteracao 4 : 
8 8150_Bolsa_Ziper_Vermelha_1094442.jpg 8 8608_Bolsa_Fivela_Trevo_Vermelha_1076390.jpg 8 8614_Bolsa_Textura_Vermelha_1096676.jpg 8 8216_Bolsa_Lapela_Vermelha_1077073.jpg 8 !!!!!!!!!!!!!!!!!!!!!0.5
imagem query: 9

 iteracao 0 : 
9 !!!!!!!!!!!!!!!!!!!!!0.0

 iteracao 1 : 
9 8262_Bolsa_Recortes_Amarela_1077112.jpg 9 !!!!!!!!!!!!!!!!!!!!!0.6

 iteracao 2 : 
9 8262_Bolsa_Recortes_Amarela_1077112.jpg 9 8832_Bolsa_Basica_Laranja_1072040.jpg 9 !!!!!!!!!!!!!!!!!!!!!0.5

 iteracao 3 : 
9 8262_Bolsa_Recortes_Amarela_1077112.jpg 9 8832_Bolsa_Basica_Laranja_1072040.jpg 9 8048_Bolsa_Ziper_Amarela_1094440.jpg 9 !!!!!!!!!!!!!!!!!!!!!0.7

 iteracao 4 : 
9 8262_Bolsa_Recortes_Amarela_1077112.jpg 9 8832_Bolsa_Basica_Laranja_1072040.jpg 9 8048_Bolsa_Ziper_Amarela_1094440.jpg 9 8470_Bolsa_Textura_Amarela_1096665.jpg 9 !!!!!!!!!!!!!!!!!!!!!0.7
imagem query: 11

 iteracao 0 : 
11 !!!!!!!!!!!!!!!!!!!!!0.0

 iteracao 1 : 
11 379_Vestido_Due_Listras_1052559.jpg 11 !!!!!!!!!!!!!!!!!!!!!0.1

 iteracao 2 : 
11 379_Vestido_Due_Listras_1052559.jpg 11 906_Vestido_Assimetrico_Cinza_1054548.jpg 11 !!!!!!!!!!!!!!!!!!!!!0.1

 iteracao 3 : 
11 379_Vestido_Due_Listras_1052559.jpg 11 906_Vestido_Assimetrico_Cinza_1054548.jpg 11 505_Vestido_Basico_Bege_1028765.jpg 11 !!!!!!!!!!!!!!!!!!!!!0.1

 iteracao 4 : 
11 379_Vestido_Due_Listras_1052559.jpg 11 906_Vestido_Assimetrico_Cinza_1054548.jpg 11 505_Vestido_Basico_Bege_1028765.jpg 11 98_Vestido_Juste_Cinza_1045466.jpg 11 !!!!!!!!!!!!!!!!!!!!!0.1
imagem query: 14

 iteracao 0 : 
14 !!!!!!!!!!!!!!!!!!!!!0.6

 iteracao 1 : 
14 16274_Sapatenis_Web_Off_white_1046428.jpg 14 !!!!!!!!!!!!!!!!!!!!!0.4

 iteracao 2 : 
14 16274_Sapatenis_Web_Off_white_1046428.jpg 14 3960_tenis-branco-preto_78806_301_1.jpg 14 !!!!!!!!!!!!!!!!!!!!!0.4

 iteracao 3 : 
14 16274_Sapatenis_Web_Off_white_1046428.jpg 14 3960_tenis-branco-preto_78806_301_1.jpg 14 15250_Tenis_Shock_Off_white_48720.jpg 14 !!!!!!!!!!!!!!!!!!!!!0.5

 iteracao 4 : 
14 16274_Sapatenis_Web_Off_white_1046428.jpg 14 3960_tenis-branco-preto_78806_301_1.jpg 14 15250_Tenis_Shock_Off_white_48720.jpg 14 16230_Sapatenis_Bali_Off_white_1061509.jpg 14 !!!!!!!!!!!!!!!!!!!!!0.4
imagem query: 16

 iteracao 0 : 
16 !!!!!!!!!!!!!!!!!!!!!0.0

 iteracao 1 : 
16 3170_Saia_Corrente_Azul_1049205.jpg 16 !!!!!!!!!!!!!!!!!!!!!0.0

 iteracao 2 : 
16 3170_Saia_Corrente_Azul_1049205.jpg 16 4633_Shorts_Jeans_Dobra_Azul_1042110.jpg 16 !!!!!!!!!!!!!!!!!!!!!0.5

 iteracao 3 : 
16 3170_Saia_Corrente_Azul_1049205.jpg 16 4633_Shorts_Jeans_Dobra_Azul_1042110.jpg 16 4694_Bermuda_Correntes_Azul_115236.jpg 16 !!!!!!!!!!!!!!!!!!!!!0.4

 iteracao 4 : 
16 3170_Saia_Corrente_Azul_1049205.jpg 16 4633_Shorts_Jeans_Dobra_Azul_1042110.jpg 16 4694_Bermuda_Correntes_Azul_115236.jpg 16 4387_Shorts_Jeans_Rose_Azul_1041969.jpg 16 !!!!!!!!!!!!!!!!!!!!!0.4
imagem query: 18

 iteracao 0 : 
18 !!!!!!!!!!!!!!!!!!!!!0.9

 iteracao 1 : 
18 368_Vestido_Navio_Branco_1046157.jpg 18 !!!!!!!!!!!!!!!!!!!!!0.7

 iteracao 2 : 
18 368_Vestido_Navio_Branco_1046157.jpg 18 855_Vestido_Luxor_Branco_1044797.jpg 18 !!!!!!!!!!!!!!!!!!!!!0.8

 iteracao 3 : 
18 368_Vestido_Navio_Branco_1046157.jpg 18 855_Vestido_Luxor_Branco_1044797.jpg 18 912_Vestido_Tahiti_Branco_1039267.jpg 18 !!!!!!!!!!!!!!!!!!!!!0.9

 iteracao 4 : 
18 368_Vestido_Navio_Branco_1046157.jpg 18 855_Vestido_Luxor_Branco_1044797.jpg 18 912_Vestido_Tahiti_Branco_1039267.jpg 18 323_Vestido_Suave_Off_White_1049163.jpg 18 !!!!!!!!!!!!!!!!!!!!!0.6
imagem query: 20

 iteracao 0 : 
20 !!!!!!!!!!!!!!!!!!!!!0.8

 iteracao 1 : 
20 336_Vestido_Lambreta_Cinza_1046159.jpg 20 !!!!!!!!!!!!!!!!!!!!!0.8

 iteracao 2 : 
20 336_Vestido_Lambreta_Cinza_1046159.jpg 20 423_Vestido_Renda_Bege_132333.jpg 20 !!!!!!!!!!!!!!!!!!!!!0.7

 iteracao 3 : 
20 336_Vestido_Lambreta_Cinza_1046159.jpg 20 423_Vestido_Renda_Bege_132333.jpg 20 1097_Vestido_Selva_Cobra_1041111.jpg 20 !!!!!!!!!!!!!!!!!!!!!0.7

 iteracao 4 : 
20 336_Vestido_Lambreta_Cinza_1046159.jpg 20 423_Vestido_Renda_Bege_132333.jpg 20 1097_Vestido_Selva_Cobra_1041111.jpg 20 1060_Vestido_Amarracao_Multicolorido_1046125.jpg 20 !!!!!!!!!!!!!!!!!!!!!0.6
imagem query: 22

 iteracao 0 : 
22 !!!!!!!!!!!!!!!!!!!!!0.0

 iteracao 1 : 
22 884_Vestido_Work_Rosa_1052225.jpg 22 !!!!!!!!!!!!!!!!!!!!!0.7

 iteracao 2 : 
22 884_Vestido_Work_Rosa_1052225.jpg 22 682_Vestido_Camadas_Rosa_1052560.jpg 22 !!!!!!!!!!!!!!!!!!!!!0.8

 iteracao 3 : 
22 884_Vestido_Work_Rosa_1052225.jpg 22 682_Vestido_Camadas_Rosa_1052560.jpg 22 4029_Vestido_Morcego_Vermelha_121556.jpg 22 !!!!!!!!!!!!!!!!!!!!!1.0
imagem query: 24

 iteracao 0 : 
24 !!!!!!!!!!!!!!!!!!!!!0.0

 iteracao 1 : 
24 16650_Shorts_Detalhes_Preto_1050456.jpg 24 !!!!!!!!!!!!!!!!!!!!!0.2

 iteracao 2 : 
24 16650_Shorts_Detalhes_Preto_1050456.jpg 24 4494_Shorts_Asfalto_Preto_1037214.jpg 24 !!!!!!!!!!!!!!!!!!!!!0.4

 iteracao 3 : 
24 16650_Shorts_Detalhes_Preto_1050456.jpg 24 4494_Shorts_Asfalto_Preto_1037214.jpg 24 3403_Saia_Cinto_Azul_1028311.jpg 24 !!!!!!!!!!!!!!!!!!!!!0.2

 iteracao 4 : 
24 16650_Shorts_Detalhes_Preto_1050456.jpg 24 4494_Shorts_Asfalto_Preto_1037214.jpg 24 3403_Saia_Cinto_Azul_1028311.jpg 24 4602_Shorts_Sofia_Preto_1039653.jpg 24 !!!!!!!!!!!!!!!!!!!!!0.3
imagem query: 25

 iteracao 0 : 
25 !!!!!!!!!!!!!!!!!!!!!0.0

 iteracao 1 : 
25 7900_Bermuda_Classic_Xadrez_1054617.jpg 25 !!!!!!!!!!!!!!!!!!!!!0.0

 iteracao 2 : 
25 7900_Bermuda_Classic_Xadrez_1054617.jpg 25 7670_Bermuda_Chino_Xadrez_1035809.jpg 25 !!!!!!!!!!!!!!!!!!!!!0.6

 iteracao 3 : 
25 7900_Bermuda_Classic_Xadrez_1054617.jpg 25 7670_Bermuda_Chino_Xadrez_1035809.jpg 25 7672_Bermuda_Durk_Xadrez_1035811.jpg 25 !!!!!!!!!!!!!!!!!!!!!0.5

 iteracao 4 : 
25 7900_Bermuda_Classic_Xadrez_1054617.jpg 25 7670_Bermuda_Chino_Xadrez_1035809.jpg 25 7672_Bermuda_Durk_Xadrez_1035811.jpg 25 7688_Bermuda_Jeans_Giz_Listrada_1041018.jpg 25 !!!!!!!!!!!!!!!!!!!!!0.5
imagem query: 27

 iteracao 0 : 
27 !!!!!!!!!!!!!!!!!!!!!0.0

 iteracao 1 : 
27 5743_Camiseta_Irmaos_Metralha_Cinza_1068835.jpg 27 !!!!!!!!!!!!!!!!!!!!!0.3

 iteracao 2 : 
27 5743_Camiseta_Irmaos_Metralha_Cinza_1068835.jpg 27 6142_Camiseta_Show_Cinza_1040772.jpg 27 !!!!!!!!!!!!!!!!!!!!!0.7

 iteracao 3 : 
27 5743_Camiseta_Irmaos_Metralha_Cinza_1068835.jpg 27 6142_Camiseta_Show_Cinza_1040772.jpg 27 5433_Camiseta_1025308.jpg 27 !!!!!!!!!!!!!!!!!!!!!0.6

 iteracao 4 : 
27 5743_Camiseta_Irmaos_Metralha_Cinza_1068835.jpg 27 6142_Camiseta_Show_Cinza_1040772.jpg 27 5433_Camiseta_1025308.jpg 27 6588_Camiseta_Crazy_Cinza_1058476.jpg 27 !!!!!!!!!!!!!!!!!!!!!0.6
imagem query: 28

 iteracao 0 : 
28 !!!!!!!!!!!!!!!!!!!!!0.8

 iteracao 1 : 
28 3960_tenis-branco-preto_78806_301_1.jpg 28 !!!!!!!!!!!!!!!!!!!!!0.4

 iteracao 2 : 
28 3960_tenis-branco-preto_78806_301_1.jpg 28 16226_Sapatenis_24_Horas_Ox_Furos_Azul_1035155.jpg 28 !!!!!!!!!!!!!!!!!!!!!0.2

 iteracao 3 : 
28 3960_tenis-branco-preto_78806_301_1.jpg 28 16226_Sapatenis_24_Horas_Ox_Furos_Azul_1035155.jpg 28 16302_Sapatenis_Flat_1025085.jpg 28 !!!!!!!!!!!!!!!!!!!!!0.3

 iteracao 4 : 
28 3960_tenis-branco-preto_78806_301_1.jpg 28 16226_Sapatenis_24_Horas_Ox_Furos_Azul_1035155.jpg 28 16302_Sapatenis_Flat_1025085.jpg 28 4030_tenis-fila-agile-turf_82034_301_1.jpg 28 !!!!!!!!!!!!!!!!!!!!!0.3
imagem query: 31

 iteracao 0 : 
31 !!!!!!!!!!!!!!!!!!!!!0.0

 iteracao 1 : 
31 7203_Camisa_Liberty_Floral_1039023.jpg 31 !!!!!!!!!!!!!!!!!!!!!0.4

 iteracao 2 : 
31 7203_Camisa_Liberty_Floral_1039023.jpg 31 7245_Camisa_Look_Xadrez_1057848.jpg 31 !!!!!!!!!!!!!!!!!!!!!0.2

 iteracao 3 : 
31 7203_Camisa_Liberty_Floral_1039023.jpg 31 7245_Camisa_Look_Xadrez_1057848.jpg 31 7251_Camisa_Dubai_Listra_1040709.jpg 31 !!!!!!!!!!!!!!!!!!!!!0.2

 iteracao 4 : 
31 7203_Camisa_Liberty_Floral_1039023.jpg 31 7245_Camisa_Look_Xadrez_1057848.jpg 31 7251_Camisa_Dubai_Listra_1040709.jpg 31 7025_Camisa_Classic_Xadrez_1025523.jpg 31 !!!!!!!!!!!!!!!!!!!!!0.1
imagem query: 32

 iteracao 0 : 
32 !!!!!!!!!!!!!!!!!!!!!0.1

 iteracao 1 : 
32 10367_Bota_Ferragens_Preta_1066163.jpg 32 !!!!!!!!!!!!!!!!!!!!!0.3

 iteracao 2 : 
32 10367_Bota_Ferragens_Preta_1066163.jpg 32 10151_Bota_Style_Preta_1061303.jpg 32 !!!!!!!!!!!!!!!!!!!!!0.4

 iteracao 3 : 
32 10367_Bota_Ferragens_Preta_1066163.jpg 32 10151_Bota_Style_Preta_1061303.jpg 32 10465_Bota_Montaria_Matelasse_Preta__1063398.jpg 32 !!!!!!!!!!!!!!!!!!!!!0.6

 iteracao 4 : 
32 10367_Bota_Ferragens_Preta_1066163.jpg 32 10151_Bota_Style_Preta_1061303.jpg 32 10465_Bota_Montaria_Matelasse_Preta__1063398.jpg 32 10264_Bota_Franja_Preta_1067263.jpg 32 !!!!!!!!!!!!!!!!!!!!!0.3
imagem query: 34

 iteracao 0 : 
34 !!!!!!!!!!!!!!!!!!!!!0.1

 iteracao 1 : 
34 16737_Legging_New_Roxo_1048699.jpg 34 !!!!!!!!!!!!!!!!!!!!!0.1

 iteracao 2 : 
34 16737_Legging_New_Roxo_1048699.jpg 34 16685_Legging_Shux_Preta_1058642.jpg 34 !!!!!!!!!!!!!!!!!!!!!0.3

 iteracao 3 : 
34 16737_Legging_New_Roxo_1048699.jpg 34 16685_Legging_Shux_Preta_1058642.jpg 34 16846_Bermuda_Copenhague_Roxa_1061589.jpg 34 !!!!!!!!!!!!!!!!!!!!!0.3

 iteracao 4 : 
34 16737_Legging_New_Roxo_1048699.jpg 34 16685_Legging_Shux_Preta_1058642.jpg 34 16846_Bermuda_Copenhague_Roxa_1061589.jpg 34 17039_Legging_Fashion_Preto_1034771.jpg 34 !!!!!!!!!!!!!!!!!!!!!0.4
imagem query: 37

 iteracao 0 : 
37 !!!!!!!!!!!!!!!!!!!!!0.1

 iteracao 1 : 
37 336_Vestido_Lambreta_Cinza_1046159.jpg 37 !!!!!!!!!!!!!!!!!!!!!0.1

 iteracao 2 : 
37 336_Vestido_Lambreta_Cinza_1046159.jpg 37 893_Vestido_Pregas_Cobra_1039609.jpg 37 !!!!!!!!!!!!!!!!!!!!!0.2

 iteracao 3 : 
37 336_Vestido_Lambreta_Cinza_1046159.jpg 37 893_Vestido_Pregas_Cobra_1039609.jpg 37 1097_Vestido_Selva_Cobra_1041111.jpg 37 !!!!!!!!!!!!!!!!!!!!!0.4

 iteracao 4 : 
37 336_Vestido_Lambreta_Cinza_1046159.jpg 37 893_Vestido_Pregas_Cobra_1039609.jpg 37 1097_Vestido_Selva_Cobra_1041111.jpg 37 608_Vestido_Franja_Bege_1054392.jpg 37 !!!!!!!!!!!!!!!!!!!!!0.3
imagem query: 39

 iteracao 0 : 
39 !!!!!!!!!!!!!!!!!!!!!0.0

 iteracao 1 : 
39 620_Vestido_Florest_Multicolorido_1046888.jpg 39 !!!!!!!!!!!!!!!!!!!!!0.0

 iteracao 2 : 
39 620_Vestido_Florest_Multicolorido_1046888.jpg 39 2734_Blusa_Manchas_Branca_1046869.jpg 39 !!!!!!!!!!!!!!!!!!!!!0.1

 iteracao 3 : 
39 620_Vestido_Florest_Multicolorido_1046888.jpg 39 2734_Blusa_Manchas_Branca_1046869.jpg 39 1999_Blusa_Eyes_Laranja_1049109.jpg 39 !!!!!!!!!!!!!!!!!!!!!0.2

 iteracao 4 : 
39 620_Vestido_Florest_Multicolorido_1046888.jpg 39 2734_Blusa_Manchas_Branca_1046869.jpg 39 1999_Blusa_Eyes_Laranja_1049109.jpg 39 2682_Blusa_Balada_Multicolorida_1047058.jpg 39 !!!!!!!!!!!!!!!!!!!!!0.1
imagem query: 40

 iteracao 0 : 
40 !!!!!!!!!!!!!!!!!!!!!0.5

 iteracao 1 : 
40 579_Vestido_Pregas_Multicolorido_1039800.jpg 40 !!!!!!!!!!!!!!!!!!!!!0.2

 iteracao 2 : 
40 579_Vestido_Pregas_Multicolorido_1039800.jpg 40 1079_Vestido_Amarracao_Multicolorido_1046146.jpg 40 !!!!!!!!!!!!!!!!!!!!!0.1

 iteracao 3 : 
40 579_Vestido_Pregas_Multicolorido_1039800.jpg 40 1079_Vestido_Amarracao_Multicolorido_1046146.jpg 40 3576_Macaquinho_Shorts_Saia_Multicolorido_144643.jpg 40 !!!!!!!!!!!!!!!!!!!!!0.1

 iteracao 4 : 
40 579_Vestido_Pregas_Multicolorido_1039800.jpg 40 1079_Vestido_Amarracao_Multicolorido_1046146.jpg 40 3576_Macaquinho_Shorts_Saia_Multicolorido_144643.jpg 40 713_Vestido_Camadas_Multicolorido_1052098.jpg 40 !!!!!!!!!!!!!!!!!!!!!0.2
imagem query: 41

 iteracao 0 : 
41 !!!!!!!!!!!!!!!!!!!!!0.0

 iteracao 1 : 
41 1055_Vestido_Basico_Rosa_1055383.jpg 41 !!!!!!!!!!!!!!!!!!!!!0.7

 iteracao 2 : 
41 1055_Vestido_Basico_Rosa_1055383.jpg 41 3576_Macaquinho_Shorts_Saia_Multicolorido_144643.jpg 41 !!!!!!!!!!!!!!!!!!!!!0.7

 iteracao 3 : 
41 1055_Vestido_Basico_Rosa_1055383.jpg 41 3576_Macaquinho_Shorts_Saia_Multicolorido_144643.jpg 41 1085_Vestido_Atonico_Onca_1034189.jpg 41 !!!!!!!!!!!!!!!!!!!!!0.8

 iteracao 4 : 
41 1055_Vestido_Basico_Rosa_1055383.jpg 41 3576_Macaquinho_Shorts_Saia_Multicolorido_144643.jpg 41 1085_Vestido_Atonico_Onca_1034189.jpg 41 317_Vestido_Flame_Dinha_Coral_125062.jpg 41 !!!!!!!!!!!!!!!!!!!!!0.5
imagem query: 42

 iteracao 0 : 
42 !!!!!!!!!!!!!!!!!!!!!0.1

 iteracao 1 : 
42 938_Vestido_Curto_Renda_Preto_1052481.jpg 42 !!!!!!!!!!!!!!!!!!!!!0.2

 iteracao 2 : 
42 938_Vestido_Curto_Renda_Preto_1052481.jpg 42 2_Vestido_Decote_Costas_Preto_118995.jpg 42 !!!!!!!!!!!!!!!!!!!!!0.4

 iteracao 3 : 
42 938_Vestido_Curto_Renda_Preto_1052481.jpg 42 2_Vestido_Decote_Costas_Preto_118995.jpg 42 675_Vestido_Torcido_Preto_1052311.jpg 42 !!!!!!!!!!!!!!!!!!!!!0.8

 iteracao 4 : 
42 938_Vestido_Curto_Renda_Preto_1052481.jpg 42 2_Vestido_Decote_Costas_Preto_118995.jpg 42 675_Vestido_Torcido_Preto_1052311.jpg 42 154_Vestido_Nervuras_Preto_1052285.jpg 42 !!!!!!!!!!!!!!!!!!!!!0.6
imagem query: 45

 iteracao 0 : 
45 !!!!!!!!!!!!!!!!!!!!!0.0

 iteracao 1 : 
45 1426_calca-jeans-feminina-teodora-azul-carina-duek_117868_301_1.jpg 45 !!!!!!!!!!!!!!!!!!!!!0.0

 iteracao 2 : 
45 1426_calca-jeans-feminina-teodora-azul-carina-duek_117868_301_1.jpg 45 3645_Calca_Drapeado_Cinza_111047.jpg 45 !!!!!!!!!!!!!!!!!!!!!0.0

 iteracao 3 : 
45 1426_calca-jeans-feminina-teodora-azul-carina-duek_117868_301_1.jpg 45 3645_Calca_Drapeado_Cinza_111047.jpg 45 3640_Calca_Casuale_Bege_1045867.jpg 45 !!!!!!!!!!!!!!!!!!!!!0.0

 iteracao 4 : 
45 1426_calca-jeans-feminina-teodora-azul-carina-duek_117868_301_1.jpg 45 3645_Calca_Drapeado_Cinza_111047.jpg 45 3640_Calca_Casuale_Bege_1045867.jpg 45 3749_Calca_Paolo_Bege_1039806.jpg 45 !!!!!!!!!!!!!!!!!!!!!0.0
imagem query: 48

 iteracao 0 : 
48 !!!!!!!!!!!!!!!!!!!!!0.0

 iteracao 1 : 
48 12858_Sandalia_Faixas_Cinza_1037849.jpg 48 !!!!!!!!!!!!!!!!!!!!!0.1

 iteracao 2 : 
48 12858_Sandalia_Faixas_Cinza_1037849.jpg 48 12664_Sandalia_Trio_Laco_Bege_1044804.jpg 48 !!!!!!!!!!!!!!!!!!!!!0.2

 iteracao 3 : 
48 12858_Sandalia_Faixas_Cinza_1037849.jpg 48 12664_Sandalia_Trio_Laco_Bege_1044804.jpg 48 12739_Sandalia_Cruzada_Bege_1048803.jpg 48 !!!!!!!!!!!!!!!!!!!!!0.2

 iteracao 4 : 
48 12858_Sandalia_Faixas_Cinza_1037849.jpg 48 12664_Sandalia_Trio_Laco_Bege_1044804.jpg 48 12739_Sandalia_Cruzada_Bege_1048803.jpg 48 13047_Sandalia_Vazada_Bege_1061026.jpg 48 !!!!!!!!!!!!!!!!!!!!!0.1
imagem query: 49

 iteracao 0 : 
49 !!!!!!!!!!!!!!!!!!!!!0.0

 iteracao 1 : 
49 10770_Bota_Fivela_Cobra_1063431.jpg 49 !!!!!!!!!!!!!!!!!!!!!0.0

 iteracao 2 : 
49 10770_Bota_Fivela_Cobra_1063431.jpg 49 10859_Bota_Fivela_Marrom_1066814.jpg 49 !!!!!!!!!!!!!!!!!!!!!0.4

 iteracao 3 : 
49 10770_Bota_Fivela_Cobra_1063431.jpg 49 10859_Bota_Fivela_Marrom_1066814.jpg 49 9735_Ankle_Boot_Geysa_Onca_Rosa_1067024.jpg 49 !!!!!!!!!!!!!!!!!!!!!0.3

 iteracao 4 : 
49 10770_Bota_Fivela_Cobra_1063431.jpg 49 10859_Bota_Fivela_Marrom_1066814.jpg 49 9735_Ankle_Boot_Geysa_Onca_Rosa_1067024.jpg 49 10177_Bota_Classica_Marrom_1062542.jpg 49 !!!!!!!!!!!!!!!!!!!!!0.4
Valor do fitness: 0.36333334
resultado particao 2 : 0.3633333444595337
imagem query: 1

 iteracao 0 : 
1 !!!!!!!!!!!!!!!!!!!!!0.1

 iteracao 1 : 
1 10758_Bota_Laco_Preta_1057606.jpg 1 !!!!!!!!!!!!!!!!!!!!!0.0

 iteracao 2 : 
1 10758_Bota_Laco_Preta_1057606.jpg 1 9823_Ankle_Boot_Fivela_Preto_1066294.jpg 1 !!!!!!!!!!!!!!!!!!!!!0.0

 iteracao 3 : 
1 10758_Bota_Laco_Preta_1057606.jpg 1 9823_Ankle_Boot_Fivela_Preto_1066294.jpg 1 10093_Ankle_Boot_Cadarco_Preta_596.jpg 1 !!!!!!!!!!!!!!!!!!!!!0.2

 iteracao 4 : 
1 10758_Bota_Laco_Preta_1057606.jpg 1 9823_Ankle_Boot_Fivela_Preto_1066294.jpg 1 10093_Ankle_Boot_Cadarco_Preta_596.jpg 1 10267_Bota_Fivela_Preta_1062567.jpg 1 !!!!!!!!!!!!!!!!!!!!!0.5
imagem query: 2

 iteracao 0 : 
2 !!!!!!!!!!!!!!!!!!!!!0.2

 iteracao 1 : 
2 9951_Open_Boot_Vazada_Caramelo_1041289.jpg 2 !!!!!!!!!!!!!!!!!!!!!0.2

 iteracao 2 : 
2 9951_Open_Boot_Vazada_Caramelo_1041289.jpg 2 11722_Peep_Toe_Basica_Cobra_1066792.jpg 2 !!!!!!!!!!!!!!!!!!!!!0.2

 iteracao 3 : 
2 9951_Open_Boot_Vazada_Caramelo_1041289.jpg 2 11722_Peep_Toe_Basica_Cobra_1066792.jpg 2 11581_Peep_Toe_Vazado_Bege_1060986.jpg 2 !!!!!!!!!!!!!!!!!!!!!0.1

 iteracao 4 : 
2 9951_Open_Boot_Vazada_Caramelo_1041289.jpg 2 11722_Peep_Toe_Basica_Cobra_1066792.jpg 2 11581_Peep_Toe_Vazado_Bege_1060986.jpg 2 12220_Peep_Toe_Soraya_Marrom_76789.jpg 2 !!!!!!!!!!!!!!!!!!!!!0.1
imagem query: 3

 iteracao 0 : 
3 !!!!!!!!!!!!!!!!!!!!!0.1

 iteracao 1 : 
3 633_Vestido_Flores_Azul_1052853.jpg 3 !!!!!!!!!!!!!!!!!!!!!0.0

 iteracao 2 : 
3 633_Vestido_Flores_Azul_1052853.jpg 3 1757_Blusa_Garden_Floral_1052891.jpg 3 !!!!!!!!!!!!!!!!!!!!!0.0

 iteracao 3 : 
3 633_Vestido_Flores_Azul_1052853.jpg 3 1757_Blusa_Garden_Floral_1052891.jpg 3 1240_Regata_Petit_Geometria_Multicolorida_1066007.jpg 3 !!!!!!!!!!!!!!!!!!!!!0.0

 iteracao 4 : 
3 633_Vestido_Flores_Azul_1052853.jpg 3 1757_Blusa_Garden_Floral_1052891.jpg 3 1240_Regata_Petit_Geometria_Multicolorida_1066007.jpg 3 2481_Blusa_Costas_Nadador_Estampada_em_Bege_112599.jpg 3 !!!!!!!!!!!!!!!!!!!!!0.0
imagem query: 4

 iteracao 0 : 
4 !!!!!!!!!!!!!!!!!!!!!0.4

 iteracao 1 : 
4 1266_blusa-estampado-pakalolo_116724_301_1.jpg 4 !!!!!!!!!!!!!!!!!!!!!0.2

 iteracao 2 : 
4 1266_blusa-estampado-pakalolo_116724_301_1.jpg 4 1339_Blusa_Renda_Rosa_1052595.jpg 4 !!!!!!!!!!!!!!!!!!!!!0.2

 iteracao 3 : 
4 1266_blusa-estampado-pakalolo_116724_301_1.jpg 4 1339_Blusa_Renda_Rosa_1052595.jpg 4 2058_macaquinho-floral_83384_301_1.jpg 4 !!!!!!!!!!!!!!!!!!!!!0.2

 iteracao 4 : 
4 1266_blusa-estampado-pakalolo_116724_301_1.jpg 4 1339_Blusa_Renda_Rosa_1052595.jpg 4 2058_macaquinho-floral_83384_301_1.jpg 4 2827_Blusa_Estampa_Branco_1045070.jpg 4 !!!!!!!!!!!!!!!!!!!!!0.2
imagem query: 5

 iteracao 0 : 
5 !!!!!!!!!!!!!!!!!!!!!0.2

 iteracao 1 : 
5 884_Vestido_Work_Rosa_1052225.jpg 5 !!!!!!!!!!!!!!!!!!!!!0.1

 iteracao 2 : 
5 884_Vestido_Work_Rosa_1052225.jpg 5 1532_Kit_2_Blusas_Basicas_Multicolorida_1044108.jpg 5 !!!!!!!!!!!!!!!!!!!!!0.1

 iteracao 3 : 
5 884_Vestido_Work_Rosa_1052225.jpg 5 1532_Kit_2_Blusas_Basicas_Multicolorida_1044108.jpg 5 2533_Blusa_Intenso_Rosa_1047361.jpg 5 !!!!!!!!!!!!!!!!!!!!!0.2

 iteracao 4 : 
5 884_Vestido_Work_Rosa_1052225.jpg 5 1532_Kit_2_Blusas_Basicas_Multicolorida_1044108.jpg 5 2533_Blusa_Intenso_Rosa_1047361.jpg 5 16613_Regata_TP_Mesh_Layer_Tank_Rosa_83198.jpg 5 !!!!!!!!!!!!!!!!!!!!!0.1
imagem query: 7

 iteracao 0 : 
7 !!!!!!!!!!!!!!!!!!!!!0.0

 iteracao 1 : 
7 8279_Bolsa_Trama_Marrom_1076479.jpg 7 !!!!!!!!!!!!!!!!!!!!!0.1

 iteracao 2 : 
7 8279_Bolsa_Trama_Marrom_1076479.jpg 7 8369_Bolsa_Trevo_Preta_1077101.jpg 7 !!!!!!!!!!!!!!!!!!!!!0.3

 iteracao 3 : 
7 8279_Bolsa_Trama_Marrom_1076479.jpg 7 8369_Bolsa_Trevo_Preta_1077101.jpg 7 8846_Bolsa_Amassada_Preta_54345.jpg 7 !!!!!!!!!!!!!!!!!!!!!0.4

 iteracao 4 : 
7 8279_Bolsa_Trama_Marrom_1076479.jpg 7 8369_Bolsa_Trevo_Preta_1077101.jpg 7 8846_Bolsa_Amassada_Preta_54345.jpg 7 8927_Bolsa_Matelasse_Preta_1054063.jpg 7 !!!!!!!!!!!!!!!!!!!!!0.4
imagem query: 8

 iteracao 0 : 
8 !!!!!!!!!!!!!!!!!!!!!0.1

 iteracao 1 : 
8 8150_Bolsa_Ziper_Vermelha_1094442.jpg 8 !!!!!!!!!!!!!!!!!!!!!0.5

 iteracao 2 : 
8 8150_Bolsa_Ziper_Vermelha_1094442.jpg 8 8608_Bolsa_Fivela_Trevo_Vermelha_1076390.jpg 8 !!!!!!!!!!!!!!!!!!!!!0.5

 iteracao 3 : 
8 8150_Bolsa_Ziper_Vermelha_1094442.jpg 8 8608_Bolsa_Fivela_Trevo_Vermelha_1076390.jpg 8 8614_Bolsa_Textura_Vermelha_1096676.jpg 8 !!!!!!!!!!!!!!!!!!!!!0.4

 iteracao 4 : 
8 8150_Bolsa_Ziper_Vermelha_1094442.jpg 8 8608_Bolsa_Fivela_Trevo_Vermelha_1076390.jpg 8 8614_Bolsa_Textura_Vermelha_1096676.jpg 8 8216_Bolsa_Lapela_Vermelha_1077073.jpg 8 !!!!!!!!!!!!!!!!!!!!!0.5
imagem query: 9

 iteracao 0 : 
9 !!!!!!!!!!!!!!!!!!!!!0.0

 iteracao 1 : 
9 8262_Bolsa_Recortes_Amarela_1077112.jpg 9 !!!!!!!!!!!!!!!!!!!!!0.6

 iteracao 2 : 
9 8262_Bolsa_Recortes_Amarela_1077112.jpg 9 8832_Bolsa_Basica_Laranja_1072040.jpg 9 !!!!!!!!!!!!!!!!!!!!!0.5

 iteracao 3 : 
9 8262_Bolsa_Recortes_Amarela_1077112.jpg 9 8832_Bolsa_Basica_Laranja_1072040.jpg 9 8048_Bolsa_Ziper_Amarela_1094440.jpg 9 !!!!!!!!!!!!!!!!!!!!!0.7

 iteracao 4 : 
9 8262_Bolsa_Recortes_Amarela_1077112.jpg 9 8832_Bolsa_Basica_Laranja_1072040.jpg 9 8048_Bolsa_Ziper_Amarela_1094440.jpg 9 8470_Bolsa_Textura_Amarela_1096665.jpg 9 !!!!!!!!!!!!!!!!!!!!!0.7
imagem query: 11

 iteracao 0 : 
11 !!!!!!!!!!!!!!!!!!!!!0.0

 iteracao 1 : 
11 379_Vestido_Due_Listras_1052559.jpg 11 !!!!!!!!!!!!!!!!!!!!!0.1

 iteracao 2 : 
11 379_Vestido_Due_Listras_1052559.jpg 11 906_Vestido_Assimetrico_Cinza_1054548.jpg 11 !!!!!!!!!!!!!!!!!!!!!0.1

 iteracao 3 : 
11 379_Vestido_Due_Listras_1052559.jpg 11 906_Vestido_Assimetrico_Cinza_1054548.jpg 11 505_Vestido_Basico_Bege_1028765.jpg 11 !!!!!!!!!!!!!!!!!!!!!0.1

 iteracao 4 : 
11 379_Vestido_Due_Listras_1052559.jpg 11 906_Vestido_Assimetrico_Cinza_1054548.jpg 11 505_Vestido_Basico_Bege_1028765.jpg 11 98_Vestido_Juste_Cinza_1045466.jpg 11 !!!!!!!!!!!!!!!!!!!!!0.1
imagem query: 14

 iteracao 0 : 
14 !!!!!!!!!!!!!!!!!!!!!0.6

 iteracao 1 : 
14 16274_Sapatenis_Web_Off_white_1046428.jpg 14 !!!!!!!!!!!!!!!!!!!!!0.4

 iteracao 2 : 
14 16274_Sapatenis_Web_Off_white_1046428.jpg 14 3960_tenis-branco-preto_78806_301_1.jpg 14 !!!!!!!!!!!!!!!!!!!!!0.4

 iteracao 3 : 
14 16274_Sapatenis_Web_Off_white_1046428.jpg 14 3960_tenis-branco-preto_78806_301_1.jpg 14 15250_Tenis_Shock_Off_white_48720.jpg 14 !!!!!!!!!!!!!!!!!!!!!0.5

 iteracao 4 : 
14 16274_Sapatenis_Web_Off_white_1046428.jpg 14 3960_tenis-branco-preto_78806_301_1.jpg 14 15250_Tenis_Shock_Off_white_48720.jpg 14 16230_Sapatenis_Bali_Off_white_1061509.jpg 14 !!!!!!!!!!!!!!!!!!!!!0.4
imagem query: 15

 iteracao 0 : 
15 !!!!!!!!!!!!!!!!!!!!!0.7

 iteracao 1 : 
15 3682_tenis-preto-com-desenhos_77609_301_1.jpg 15 !!!!!!!!!!!!!!!!!!!!!0.6

 iteracao 2 : 
15 3682_tenis-preto-com-desenhos_77609_301_1.jpg 15 3960_tenis-branco-preto_78806_301_1.jpg 15 !!!!!!!!!!!!!!!!!!!!!0.5

 iteracao 3 : 
15 3682_tenis-preto-com-desenhos_77609_301_1.jpg 15 3960_tenis-branco-preto_78806_301_1.jpg 15 16088_Sapatenis_Basico_Azul_107678.jpg 15 !!!!!!!!!!!!!!!!!!!!!0.4

 iteracao 4 : 
15 3682_tenis-preto-com-desenhos_77609_301_1.jpg 15 3960_tenis-branco-preto_78806_301_1.jpg 15 16088_Sapatenis_Basico_Azul_107678.jpg 15 16302_Sapatenis_Flat_1025085.jpg 15 !!!!!!!!!!!!!!!!!!!!!0.3
imagem query: 17

 iteracao 0 : 
17 !!!!!!!!!!!!!!!!!!!!!0.0

 iteracao 1 : 
17 3012_tenis-feminino-preto-pink_87702_301_1.jpg 17 !!!!!!!!!!!!!!!!!!!!!0.0

 iteracao 2 : 
17 3012_tenis-feminino-preto-pink_87702_301_1.jpg 17 3490_tenis-florzinha-rosa_84989_301_1.jpg 17 !!!!!!!!!!!!!!!!!!!!!0.0

 iteracao 3 : 
17 3012_tenis-feminino-preto-pink_87702_301_1.jpg 17 3490_tenis-florzinha-rosa_84989_301_1.jpg 17 3464_tenis-floral-rosa_86036_301_1.jpg 17 !!!!!!!!!!!!!!!!!!!!!0.0

 iteracao 4 : 
17 3012_tenis-feminino-preto-pink_87702_301_1.jpg 17 3490_tenis-florzinha-rosa_84989_301_1.jpg 17 3464_tenis-floral-rosa_86036_301_1.jpg 17 2992_tenis-dami-jeans_84991_301_1.jpg 17 !!!!!!!!!!!!!!!!!!!!!0.3
imagem query: 18

 iteracao 0 : 
18 !!!!!!!!!!!!!!!!!!!!!0.9

 iteracao 1 : 
18 368_Vestido_Navio_Branco_1046157.jpg 18 !!!!!!!!!!!!!!!!!!!!!0.7

 iteracao 2 : 
18 368_Vestido_Navio_Branco_1046157.jpg 18 855_Vestido_Luxor_Branco_1044797.jpg 18 !!!!!!!!!!!!!!!!!!!!!0.8

 iteracao 3 : 
18 368_Vestido_Navio_Branco_1046157.jpg 18 855_Vestido_Luxor_Branco_1044797.jpg 18 912_Vestido_Tahiti_Branco_1039267.jpg 18 !!!!!!!!!!!!!!!!!!!!!0.9

 iteracao 4 : 
18 368_Vestido_Navio_Branco_1046157.jpg 18 855_Vestido_Luxor_Branco_1044797.jpg 18 912_Vestido_Tahiti_Branco_1039267.jpg 18 323_Vestido_Suave_Off_White_1049163.jpg 18 !!!!!!!!!!!!!!!!!!!!!0.6
imagem query: 20

 iteracao 0 : 
20 !!!!!!!!!!!!!!!!!!!!!0.8

 iteracao 1 : 
20 336_Vestido_Lambreta_Cinza_1046159.jpg 20 !!!!!!!!!!!!!!!!!!!!!0.8

 iteracao 2 : 
20 336_Vestido_Lambreta_Cinza_1046159.jpg 20 423_Vestido_Renda_Bege_132333.jpg 20 !!!!!!!!!!!!!!!!!!!!!0.7

 iteracao 3 : 
20 336_Vestido_Lambreta_Cinza_1046159.jpg 20 423_Vestido_Renda_Bege_132333.jpg 20 1097_Vestido_Selva_Cobra_1041111.jpg 20 !!!!!!!!!!!!!!!!!!!!!0.7

 iteracao 4 : 
20 336_Vestido_Lambreta_Cinza_1046159.jpg 20 423_Vestido_Renda_Bege_132333.jpg 20 1097_Vestido_Selva_Cobra_1041111.jpg 20 1060_Vestido_Amarracao_Multicolorido_1046125.jpg 20 !!!!!!!!!!!!!!!!!!!!!0.6
imagem query: 22

 iteracao 0 : 
22 !!!!!!!!!!!!!!!!!!!!!0.0

 iteracao 1 : 
22 884_Vestido_Work_Rosa_1052225.jpg 22 !!!!!!!!!!!!!!!!!!!!!0.7

 iteracao 2 : 
22 884_Vestido_Work_Rosa_1052225.jpg 22 682_Vestido_Camadas_Rosa_1052560.jpg 22 !!!!!!!!!!!!!!!!!!!!!0.8

 iteracao 3 : 
22 884_Vestido_Work_Rosa_1052225.jpg 22 682_Vestido_Camadas_Rosa_1052560.jpg 22 4029_Vestido_Morcego_Vermelha_121556.jpg 22 !!!!!!!!!!!!!!!!!!!!!1.0
imagem query: 23

 iteracao 0 : 
23 !!!!!!!!!!!!!!!!!!!!!0.0

 iteracao 1 : 
23 6808_Camiseta_Bordado_Branco_1055347.jpg 23 !!!!!!!!!!!!!!!!!!!!!0.0

 iteracao 2 : 
23 6808_Camiseta_Bordado_Branco_1055347.jpg 23 17381_Polo_Listrada_Branca2FAzul2FAmarela_1027199.jpg 23 !!!!!!!!!!!!!!!!!!!!!0.0

 iteracao 3 : 
23 6808_Camiseta_Bordado_Branco_1055347.jpg 23 17381_Polo_Listrada_Branca2FAzul2FAmarela_1027199.jpg 23 2619_camisa-laercio-bco-marinho_82491_301_1.jpg 23 !!!!!!!!!!!!!!!!!!!!!0.0

 iteracao 4 : 
23 6808_Camiseta_Bordado_Branco_1055347.jpg 23 17381_Polo_Listrada_Branca2FAzul2FAmarela_1027199.jpg 23 2619_camisa-laercio-bco-marinho_82491_301_1.jpg 23 5926_Camiseta_Slim_Listrada_1037326.jpg 23 !!!!!!!!!!!!!!!!!!!!!0.0
imagem query: 26

 iteracao 0 : 
26 !!!!!!!!!!!!!!!!!!!!!0.1

 iteracao 1 : 
26 5603_Camiseta_Team_Azul_1050433.jpg 26 !!!!!!!!!!!!!!!!!!!!!0.2

 iteracao 2 : 
26 5603_Camiseta_Team_Azul_1050433.jpg 26 6223_Camiseta_Sand_Storm_Roxa_1037880.jpg 26 !!!!!!!!!!!!!!!!!!!!!0.2

 iteracao 3 : 
26 5603_Camiseta_Team_Azul_1050433.jpg 26 6223_Camiseta_Sand_Storm_Roxa_1037880.jpg 26 6276_Camiseta_Garrafas_Azul_1028923.jpg 26 !!!!!!!!!!!!!!!!!!!!!0.6

 iteracao 4 : 
26 5603_Camiseta_Team_Azul_1050433.jpg 26 6223_Camiseta_Sand_Storm_Roxa_1037880.jpg 26 6276_Camiseta_Garrafas_Azul_1028923.jpg 26 5404_Camiseta_Sombra_Azul_1035877.jpg 26 !!!!!!!!!!!!!!!!!!!!!0.6
imagem query: 29

 iteracao 0 : 
29 !!!!!!!!!!!!!!!!!!!!!0.0

 iteracao 1 : 
29 9330_Relogio_Classic_Dourado_1086668.jpg 29 !!!!!!!!!!!!!!!!!!!!!0.3

 iteracao 2 : 
29 9330_Relogio_Classic_Dourado_1086668.jpg 29 9327_Relogio_Metal_Dourado_1086667.jpg 29 !!!!!!!!!!!!!!!!!!!!!0.2

 iteracao 3 : 
29 9330_Relogio_Classic_Dourado_1086668.jpg 29 9327_Relogio_Metal_Dourado_1086667.jpg 29 9352_Relogio_Brilho_Dourado_1086700.jpg 29 !!!!!!!!!!!!!!!!!!!!!0.2

 iteracao 4 : 
29 9330_Relogio_Classic_Dourado_1086668.jpg 29 9327_Relogio_Metal_Dourado_1086667.jpg 29 9352_Relogio_Brilho_Dourado_1086700.jpg 29 9385_Relogio_Coracoes_Dourado_1086704.jpg 29 !!!!!!!!!!!!!!!!!!!!!0.5
imagem query: 30

 iteracao 0 : 
30 !!!!!!!!!!!!!!!!!!!!!0.9

 iteracao 1 : 
30 7072_Camisa_Fast_Xadrez_1035915.jpg 30 !!!!!!!!!!!!!!!!!!!!!0.8

 iteracao 2 : 
30 7072_Camisa_Fast_Xadrez_1035915.jpg 30 7138_Camisa_Light_Xadrez_1030701.jpg 30 !!!!!!!!!!!!!!!!!!!!!0.7

 iteracao 3 : 
30 7072_Camisa_Fast_Xadrez_1035915.jpg 30 7138_Camisa_Light_Xadrez_1030701.jpg 30 7162_Camisa_Monaco_Xadrez_1035405.jpg 30 !!!!!!!!!!!!!!!!!!!!!0.8

 iteracao 4 : 
30 7072_Camisa_Fast_Xadrez_1035915.jpg 30 7138_Camisa_Light_Xadrez_1030701.jpg 30 7162_Camisa_Monaco_Xadrez_1035405.jpg 30 7098_Camisa_Mand_Xadrez_1039022.jpg 30 !!!!!!!!!!!!!!!!!!!!!0.8
imagem query: 34

 iteracao 0 : 
34 !!!!!!!!!!!!!!!!!!!!!0.1

 iteracao 1 : 
34 16737_Legging_New_Roxo_1048699.jpg 34 !!!!!!!!!!!!!!!!!!!!!0.1

 iteracao 2 : 
34 16737_Legging_New_Roxo_1048699.jpg 34 16685_Legging_Shux_Preta_1058642.jpg 34 !!!!!!!!!!!!!!!!!!!!!0.3

 iteracao 3 : 
34 16737_Legging_New_Roxo_1048699.jpg 34 16685_Legging_Shux_Preta_1058642.jpg 34 16846_Bermuda_Copenhague_Roxa_1061589.jpg 34 !!!!!!!!!!!!!!!!!!!!!0.3

 iteracao 4 : 
34 16737_Legging_New_Roxo_1048699.jpg 34 16685_Legging_Shux_Preta_1058642.jpg 34 16846_Bermuda_Copenhague_Roxa_1061589.jpg 34 17039_Legging_Fashion_Preto_1034771.jpg 34 !!!!!!!!!!!!!!!!!!!!!0.4
imagem query: 37

 iteracao 0 : 
37 !!!!!!!!!!!!!!!!!!!!!0.1

 iteracao 1 : 
37 336_Vestido_Lambreta_Cinza_1046159.jpg 37 !!!!!!!!!!!!!!!!!!!!!0.1

 iteracao 2 : 
37 336_Vestido_Lambreta_Cinza_1046159.jpg 37 893_Vestido_Pregas_Cobra_1039609.jpg 37 !!!!!!!!!!!!!!!!!!!!!0.2

 iteracao 3 : 
37 336_Vestido_Lambreta_Cinza_1046159.jpg 37 893_Vestido_Pregas_Cobra_1039609.jpg 37 1097_Vestido_Selva_Cobra_1041111.jpg 37 !!!!!!!!!!!!!!!!!!!!!0.4

 iteracao 4 : 
37 336_Vestido_Lambreta_Cinza_1046159.jpg 37 893_Vestido_Pregas_Cobra_1039609.jpg 37 1097_Vestido_Selva_Cobra_1041111.jpg 37 608_Vestido_Franja_Bege_1054392.jpg 37 !!!!!!!!!!!!!!!!!!!!!0.3
imagem query: 39

 iteracao 0 : 
39 !!!!!!!!!!!!!!!!!!!!!0.0

 iteracao 1 : 
39 620_Vestido_Florest_Multicolorido_1046888.jpg 39 !!!!!!!!!!!!!!!!!!!!!0.0

 iteracao 2 : 
39 620_Vestido_Florest_Multicolorido_1046888.jpg 39 2734_Blusa_Manchas_Branca_1046869.jpg 39 !!!!!!!!!!!!!!!!!!!!!0.1

 iteracao 3 : 
39 620_Vestido_Florest_Multicolorido_1046888.jpg 39 2734_Blusa_Manchas_Branca_1046869.jpg 39 1999_Blusa_Eyes_Laranja_1049109.jpg 39 !!!!!!!!!!!!!!!!!!!!!0.2

 iteracao 4 : 
39 620_Vestido_Florest_Multicolorido_1046888.jpg 39 2734_Blusa_Manchas_Branca_1046869.jpg 39 1999_Blusa_Eyes_Laranja_1049109.jpg 39 2682_Blusa_Balada_Multicolorida_1047058.jpg 39 !!!!!!!!!!!!!!!!!!!!!0.1
imagem query: 40

 iteracao 0 : 
40 !!!!!!!!!!!!!!!!!!!!!0.5

 iteracao 1 : 
40 579_Vestido_Pregas_Multicolorido_1039800.jpg 40 !!!!!!!!!!!!!!!!!!!!!0.2

 iteracao 2 : 
40 579_Vestido_Pregas_Multicolorido_1039800.jpg 40 1079_Vestido_Amarracao_Multicolorido_1046146.jpg 40 !!!!!!!!!!!!!!!!!!!!!0.1

 iteracao 3 : 
40 579_Vestido_Pregas_Multicolorido_1039800.jpg 40 1079_Vestido_Amarracao_Multicolorido_1046146.jpg 40 3576_Macaquinho_Shorts_Saia_Multicolorido_144643.jpg 40 !!!!!!!!!!!!!!!!!!!!!0.1

 iteracao 4 : 
40 579_Vestido_Pregas_Multicolorido_1039800.jpg 40 1079_Vestido_Amarracao_Multicolorido_1046146.jpg 40 3576_Macaquinho_Shorts_Saia_Multicolorido_144643.jpg 40 713_Vestido_Camadas_Multicolorido_1052098.jpg 40 !!!!!!!!!!!!!!!!!!!!!0.2
imagem query: 43

 iteracao 0 : 
43 !!!!!!!!!!!!!!!!!!!!!0.0

 iteracao 1 : 
43 423_Vestido_Renda_Bege_132333.jpg 43 !!!!!!!!!!!!!!!!!!!!!0.0

 iteracao 2 : 
43 423_Vestido_Renda_Bege_132333.jpg 43 938_Vestido_Curto_Renda_Preto_1052481.jpg 43 !!!!!!!!!!!!!!!!!!!!!0.1

 iteracao 3 : 
43 423_Vestido_Renda_Bege_132333.jpg 43 938_Vestido_Curto_Renda_Preto_1052481.jpg 43 4372_vestido-juvenil-preto-com-estampa_85539_301_1.jpg 43 !!!!!!!!!!!!!!!!!!!!!0.2

 iteracao 4 : 
43 423_Vestido_Renda_Bege_132333.jpg 43 938_Vestido_Curto_Renda_Preto_1052481.jpg 43 4372_vestido-juvenil-preto-com-estampa_85539_301_1.jpg 43 931_Vestido_Curto_Preto_1044224.jpg 43 !!!!!!!!!!!!!!!!!!!!!0.1
imagem query: 44

 iteracao 0 : 
44 !!!!!!!!!!!!!!!!!!!!!0.2

 iteracao 1 : 
44 3490_Macaquinho_Amarracao_Branco_1045895.jpg 44 !!!!!!!!!!!!!!!!!!!!!0.1

 iteracao 2 : 
44 3490_Macaquinho_Amarracao_Branco_1045895.jpg 44 336_Vestido_Lambreta_Cinza_1046159.jpg 44 !!!!!!!!!!!!!!!!!!!!!0.1

 iteracao 3 : 
44 3490_Macaquinho_Amarracao_Branco_1045895.jpg 44 336_Vestido_Lambreta_Cinza_1046159.jpg 44 893_Vestido_Pregas_Cobra_1039609.jpg 44 !!!!!!!!!!!!!!!!!!!!!0.3

 iteracao 4 : 
44 3490_Macaquinho_Amarracao_Branco_1045895.jpg 44 336_Vestido_Lambreta_Cinza_1046159.jpg 44 893_Vestido_Pregas_Cobra_1039609.jpg 44 1097_Vestido_Selva_Cobra_1041111.jpg 44 !!!!!!!!!!!!!!!!!!!!!0.5
imagem query: 45

 iteracao 0 : 
45 !!!!!!!!!!!!!!!!!!!!!0.0

 iteracao 1 : 
45 1426_calca-jeans-feminina-teodora-azul-carina-duek_117868_301_1.jpg 45 !!!!!!!!!!!!!!!!!!!!!0.0

 iteracao 2 : 
45 1426_calca-jeans-feminina-teodora-azul-carina-duek_117868_301_1.jpg 45 3645_Calca_Drapeado_Cinza_111047.jpg 45 !!!!!!!!!!!!!!!!!!!!!0.0

 iteracao 3 : 
45 1426_calca-jeans-feminina-teodora-azul-carina-duek_117868_301_1.jpg 45 3645_Calca_Drapeado_Cinza_111047.jpg 45 3640_Calca_Casuale_Bege_1045867.jpg 45 !!!!!!!!!!!!!!!!!!!!!0.0

 iteracao 4 : 
45 1426_calca-jeans-feminina-teodora-azul-carina-duek_117868_301_1.jpg 45 3645_Calca_Drapeado_Cinza_111047.jpg 45 3640_Calca_Casuale_Bege_1045867.jpg 45 3749_Calca_Paolo_Bege_1039806.jpg 45 !!!!!!!!!!!!!!!!!!!!!0.0
imagem query: 46

 iteracao 0 : 
46 !!!!!!!!!!!!!!!!!!!!!0.2

 iteracao 1 : 
46 1745_Blusa_Branco_decote_nadador_117270.jpg 46 !!!!!!!!!!!!!!!!!!!!!0.2

 iteracao 2 : 
46 1745_Blusa_Branco_decote_nadador_117270.jpg 46 2723_Blusa_Silk_Cinza_129702.jpg 46 !!!!!!!!!!!!!!!!!!!!!0.2

 iteracao 3 : 
46 1745_Blusa_Branco_decote_nadador_117270.jpg 46 2723_Blusa_Silk_Cinza_129702.jpg 46 2624_Camiseta_Estampa_Mulher_Branca_1031821.jpg 46 !!!!!!!!!!!!!!!!!!!!!0.2

 iteracao 4 : 
46 1745_Blusa_Branco_decote_nadador_117270.jpg 46 2723_Blusa_Silk_Cinza_129702.jpg 46 2624_Camiseta_Estampa_Mulher_Branca_1031821.jpg 46 269_tunica-melick-branca_84527_301_1.jpg 46 !!!!!!!!!!!!!!!!!!!!!0.2
imagem query: 47

 iteracao 0 : 
47 !!!!!!!!!!!!!!!!!!!!!0.3

 iteracao 1 : 
47 12749_Sandalia_Recortes_Bege_1051873.jpg 47 !!!!!!!!!!!!!!!!!!!!!0.2

 iteracao 2 : 
47 12749_Sandalia_Recortes_Bege_1051873.jpg 47 12500_Sandalia_Charme_Caramelo_1049780.jpg 47 !!!!!!!!!!!!!!!!!!!!!0.2

 iteracao 3 : 
47 12749_Sandalia_Recortes_Bege_1051873.jpg 47 12500_Sandalia_Charme_Caramelo_1049780.jpg 47 11567_Peep_Toe_Espadrilha_Bege_1057397.jpg 47 !!!!!!!!!!!!!!!!!!!!!0.2

 iteracao 4 : 
47 12749_Sandalia_Recortes_Bege_1051873.jpg 47 12500_Sandalia_Charme_Caramelo_1049780.jpg 47 11567_Peep_Toe_Espadrilha_Bege_1057397.jpg 47 12931_Sandalia_Laco_Marrom_80500.jpg 47 !!!!!!!!!!!!!!!!!!!!!0.2
imagem query: 48

 iteracao 0 : 
48 !!!!!!!!!!!!!!!!!!!!!0.0

 iteracao 1 : 
48 12858_Sandalia_Faixas_Cinza_1037849.jpg 48 !!!!!!!!!!!!!!!!!!!!!0.1

 iteracao 2 : 
48 12858_Sandalia_Faixas_Cinza_1037849.jpg 48 12664_Sandalia_Trio_Laco_Bege_1044804.jpg 48 !!!!!!!!!!!!!!!!!!!!!0.2

 iteracao 3 : 
48 12858_Sandalia_Faixas_Cinza_1037849.jpg 48 12664_Sandalia_Trio_Laco_Bege_1044804.jpg 48 12739_Sandalia_Cruzada_Bege_1048803.jpg 48 !!!!!!!!!!!!!!!!!!!!!0.2

 iteracao 4 : 
48 12858_Sandalia_Faixas_Cinza_1037849.jpg 48 12664_Sandalia_Trio_Laco_Bege_1044804.jpg 48 12739_Sandalia_Cruzada_Bege_1048803.jpg 48 13047_Sandalia_Vazada_Bege_1061026.jpg 48 !!!!!!!!!!!!!!!!!!!!!0.1
imagem query: 49

 iteracao 0 : 
49 !!!!!!!!!!!!!!!!!!!!!0.0

 iteracao 1 : 
49 10770_Bota_Fivela_Cobra_1063431.jpg 49 !!!!!!!!!!!!!!!!!!!!!0.0

 iteracao 2 : 
49 10770_Bota_Fivela_Cobra_1063431.jpg 49 10859_Bota_Fivela_Marrom_1066814.jpg 49 !!!!!!!!!!!!!!!!!!!!!0.4

 iteracao 3 : 
49 10770_Bota_Fivela_Cobra_1063431.jpg 49 10859_Bota_Fivela_Marrom_1066814.jpg 49 9735_Ankle_Boot_Geysa_Onca_Rosa_1067024.jpg 49 !!!!!!!!!!!!!!!!!!!!!0.3

 iteracao 4 : 
49 10770_Bota_Fivela_Cobra_1063431.jpg 49 10859_Bota_Fivela_Marrom_1066814.jpg 49 9735_Ankle_Boot_Geysa_Onca_Rosa_1067024.jpg 49 10177_Bota_Classica_Marrom_1062542.jpg 49 !!!!!!!!!!!!!!!!!!!!!0.4
Valor do fitness: 0.34
resultado particao 3 : 0.3400000035762787
imagem query: 1

 iteracao 0 : 
1 !!!!!!!!!!!!!!!!!!!!!0.1

 iteracao 1 : 
1 10758_Bota_Laco_Preta_1057606.jpg 1 !!!!!!!!!!!!!!!!!!!!!0.0

 iteracao 2 : 
1 10758_Bota_Laco_Preta_1057606.jpg 1 9823_Ankle_Boot_Fivela_Preto_1066294.jpg 1 !!!!!!!!!!!!!!!!!!!!!0.0

 iteracao 3 : 
1 10758_Bota_Laco_Preta_1057606.jpg 1 9823_Ankle_Boot_Fivela_Preto_1066294.jpg 1 10093_Ankle_Boot_Cadarco_Preta_596.jpg 1 !!!!!!!!!!!!!!!!!!!!!0.2

 iteracao 4 : 
1 10758_Bota_Laco_Preta_1057606.jpg 1 9823_Ankle_Boot_Fivela_Preto_1066294.jpg 1 10093_Ankle_Boot_Cadarco_Preta_596.jpg 1 10267_Bota_Fivela_Preta_1062567.jpg 1 !!!!!!!!!!!!!!!!!!!!!0.5
imagem query: 3

 iteracao 0 : 
3 !!!!!!!!!!!!!!!!!!!!!0.1

 iteracao 1 : 
3 633_Vestido_Flores_Azul_1052853.jpg 3 !!!!!!!!!!!!!!!!!!!!!0.0

 iteracao 2 : 
3 633_Vestido_Flores_Azul_1052853.jpg 3 1757_Blusa_Garden_Floral_1052891.jpg 3 !!!!!!!!!!!!!!!!!!!!!0.0

 iteracao 3 : 
3 633_Vestido_Flores_Azul_1052853.jpg 3 1757_Blusa_Garden_Floral_1052891.jpg 3 1240_Regata_Petit_Geometria_Multicolorida_1066007.jpg 3 !!!!!!!!!!!!!!!!!!!!!0.0

 iteracao 4 : 
3 633_Vestido_Flores_Azul_1052853.jpg 3 1757_Blusa_Garden_Floral_1052891.jpg 3 1240_Regata_Petit_Geometria_Multicolorida_1066007.jpg 3 2481_Blusa_Costas_Nadador_Estampada_em_Bege_112599.jpg 3 !!!!!!!!!!!!!!!!!!!!!0.0
imagem query: 9

 iteracao 0 : 
9 !!!!!!!!!!!!!!!!!!!!!0.0

 iteracao 1 : 
9 8262_Bolsa_Recortes_Amarela_1077112.jpg 9 !!!!!!!!!!!!!!!!!!!!!0.6

 iteracao 2 : 
9 8262_Bolsa_Recortes_Amarela_1077112.jpg 9 8832_Bolsa_Basica_Laranja_1072040.jpg 9 !!!!!!!!!!!!!!!!!!!!!0.5

 iteracao 3 : 
9 8262_Bolsa_Recortes_Amarela_1077112.jpg 9 8832_Bolsa_Basica_Laranja_1072040.jpg 9 8048_Bolsa_Ziper_Amarela_1094440.jpg 9 !!!!!!!!!!!!!!!!!!!!!0.7

 iteracao 4 : 
9 8262_Bolsa_Recortes_Amarela_1077112.jpg 9 8832_Bolsa_Basica_Laranja_1072040.jpg 9 8048_Bolsa_Ziper_Amarela_1094440.jpg 9 8470_Bolsa_Textura_Amarela_1096665.jpg 9 !!!!!!!!!!!!!!!!!!!!!0.7
imagem query: 10

 iteracao 0 : 
10 !!!!!!!!!!!!!!!!!!!!!0.5

 iteracao 1 : 
10 11323_Peep_Toe_Laco_Vermelho_1062793.jpg 10 !!!!!!!!!!!!!!!!!!!!!0.5

 iteracao 2 : 
10 11323_Peep_Toe_Laco_Vermelho_1062793.jpg 10 3410_sapato-bege-e-turquesa-com-laco-aplicado_81030_301_1.jpg 10 !!!!!!!!!!!!!!!!!!!!!0.6

 iteracao 3 : 
10 11323_Peep_Toe_Laco_Vermelho_1062793.jpg 10 3410_sapato-bege-e-turquesa-com-laco-aplicado_81030_301_1.jpg 10 14693_Scarpin_Laco_Vermelho_1059824.jpg 10 !!!!!!!!!!!!!!!!!!!!!0.7

 iteracao 4 : 
10 11323_Peep_Toe_Laco_Vermelho_1062793.jpg 10 3410_sapato-bege-e-turquesa-com-laco-aplicado_81030_301_1.jpg 10 14693_Scarpin_Laco_Vermelho_1059824.jpg 10 11625_Peep_Toe_Recortes_Marrom_1060983.jpg 10 !!!!!!!!!!!!!!!!!!!!!0.7
imagem query: 11

 iteracao 0 : 
11 !!!!!!!!!!!!!!!!!!!!!0.0

 iteracao 1 : 
11 379_Vestido_Due_Listras_1052559.jpg 11 !!!!!!!!!!!!!!!!!!!!!0.1

 iteracao 2 : 
11 379_Vestido_Due_Listras_1052559.jpg 11 906_Vestido_Assimetrico_Cinza_1054548.jpg 11 !!!!!!!!!!!!!!!!!!!!!0.1

 iteracao 3 : 
11 379_Vestido_Due_Listras_1052559.jpg 11 906_Vestido_Assimetrico_Cinza_1054548.jpg 11 505_Vestido_Basico_Bege_1028765.jpg 11 !!!!!!!!!!!!!!!!!!!!!0.1

 iteracao 4 : 
11 379_Vestido_Due_Listras_1052559.jpg 11 906_Vestido_Assimetrico_Cinza_1054548.jpg 11 505_Vestido_Basico_Bege_1028765.jpg 11 98_Vestido_Juste_Cinza_1045466.jpg 11 !!!!!!!!!!!!!!!!!!!!!0.1
imagem query: 12

 iteracao 0 : 
12 !!!!!!!!!!!!!!!!!!!!!0.0

 iteracao 1 : 
12 14619_Scarpin_Textura_Onca_1065674.jpg 12 !!!!!!!!!!!!!!!!!!!!!0.1

 iteracao 2 : 
12 14619_Scarpin_Textura_Onca_1065674.jpg 12 9602_Ankle_Boot_Glam_Onca_1078375.jpg 12 !!!!!!!!!!!!!!!!!!!!!0.1

 iteracao 3 : 
12 14619_Scarpin_Textura_Onca_1065674.jpg 12 9602_Ankle_Boot_Glam_Onca_1078375.jpg 12 9697_Ankle_Boot_Fivela_Onca_1071186.jpg 12 !!!!!!!!!!!!!!!!!!!!!0.1

 iteracao 4 : 
12 14619_Scarpin_Textura_Onca_1065674.jpg 12 9602_Ankle_Boot_Glam_Onca_1078375.jpg 12 9697_Ankle_Boot_Fivela_Onca_1071186.jpg 12 9646_Ankle_Boot_Luciana_Gimenez_Geysa_Onca_1067023.jpg 12 !!!!!!!!!!!!!!!!!!!!!0.1
imagem query: 13

 iteracao 0 : 
13 !!!!!!!!!!!!!!!!!!!!!0.7

 iteracao 1 : 
13 13774_Sapatilha_Laco_Floral_1043057.jpg 13 !!!!!!!!!!!!!!!!!!!!!0.3

 iteracao 2 : 
13 13774_Sapatilha_Laco_Floral_1043057.jpg 13 3398_sapatilha-floral-com-laco-aplicado_80964_301_1.jpg 13 !!!!!!!!!!!!!!!!!!!!!0.4

 iteracao 3 : 
13 13774_Sapatilha_Laco_Floral_1043057.jpg 13 3398_sapatilha-floral-com-laco-aplicado_80964_301_1.jpg 13 13100_Sapatilha_Laco_Strass_Nude_1071229.jpg 13 !!!!!!!!!!!!!!!!!!!!!0.4

 iteracao 4 : 
13 13774_Sapatilha_Laco_Floral_1043057.jpg 13 3398_sapatilha-floral-com-laco-aplicado_80964_301_1.jpg 13 13100_Sapatilha_Laco_Strass_Nude_1071229.jpg 13 13769_Sapatilha_Elastico_Foral_1043047.jpg 13 !!!!!!!!!!!!!!!!!!!!!0.4
imagem query: 14

 iteracao 0 : 
14 !!!!!!!!!!!!!!!!!!!!!0.6

 iteracao 1 : 
14 16274_Sapatenis_Web_Off_white_1046428.jpg 14 !!!!!!!!!!!!!!!!!!!!!0.4

 iteracao 2 : 
14 16274_Sapatenis_Web_Off_white_1046428.jpg 14 3960_tenis-branco-preto_78806_301_1.jpg 14 !!!!!!!!!!!!!!!!!!!!!0.4

 iteracao 3 : 
14 16274_Sapatenis_Web_Off_white_1046428.jpg 14 3960_tenis-branco-preto_78806_301_1.jpg 14 15250_Tenis_Shock_Off_white_48720.jpg 14 !!!!!!!!!!!!!!!!!!!!!0.5

 iteracao 4 : 
14 16274_Sapatenis_Web_Off_white_1046428.jpg 14 3960_tenis-branco-preto_78806_301_1.jpg 14 15250_Tenis_Shock_Off_white_48720.jpg 14 16230_Sapatenis_Bali_Off_white_1061509.jpg 14 !!!!!!!!!!!!!!!!!!!!!0.4
imagem query: 15

 iteracao 0 : 
15 !!!!!!!!!!!!!!!!!!!!!0.7

 iteracao 1 : 
15 3682_tenis-preto-com-desenhos_77609_301_1.jpg 15 !!!!!!!!!!!!!!!!!!!!!0.6

 iteracao 2 : 
15 3682_tenis-preto-com-desenhos_77609_301_1.jpg 15 3960_tenis-branco-preto_78806_301_1.jpg 15 !!!!!!!!!!!!!!!!!!!!!0.5

 iteracao 3 : 
15 3682_tenis-preto-com-desenhos_77609_301_1.jpg 15 3960_tenis-branco-preto_78806_301_1.jpg 15 16088_Sapatenis_Basico_Azul_107678.jpg 15 !!!!!!!!!!!!!!!!!!!!!0.4

 iteracao 4 : 
15 3682_tenis-preto-com-desenhos_77609_301_1.jpg 15 3960_tenis-branco-preto_78806_301_1.jpg 15 16088_Sapatenis_Basico_Azul_107678.jpg 15 16302_Sapatenis_Flat_1025085.jpg 15 !!!!!!!!!!!!!!!!!!!!!0.3
imagem query: 17

 iteracao 0 : 
17 !!!!!!!!!!!!!!!!!!!!!0.0

 iteracao 1 : 
17 3012_tenis-feminino-preto-pink_87702_301_1.jpg 17 !!!!!!!!!!!!!!!!!!!!!0.0

 iteracao 2 : 
17 3012_tenis-feminino-preto-pink_87702_301_1.jpg 17 3490_tenis-florzinha-rosa_84989_301_1.jpg 17 !!!!!!!!!!!!!!!!!!!!!0.0

 iteracao 3 : 
17 3012_tenis-feminino-preto-pink_87702_301_1.jpg 17 3490_tenis-florzinha-rosa_84989_301_1.jpg 17 3464_tenis-floral-rosa_86036_301_1.jpg 17 !!!!!!!!!!!!!!!!!!!!!0.0

 iteracao 4 : 
17 3012_tenis-feminino-preto-pink_87702_301_1.jpg 17 3490_tenis-florzinha-rosa_84989_301_1.jpg 17 3464_tenis-floral-rosa_86036_301_1.jpg 17 2992_tenis-dami-jeans_84991_301_1.jpg 17 !!!!!!!!!!!!!!!!!!!!!0.3
imagem query: 19

 iteracao 0 : 
19 !!!!!!!!!!!!!!!!!!!!!0.0

 iteracao 1 : 
19 471_blusa-roxo-criativa_116615_301_1.jpg 19 !!!!!!!!!!!!!!!!!!!!!0.0

 iteracao 2 : 
19 471_blusa-roxo-criativa_116615_301_1.jpg 19 2893_Blusa_Maxi_Pull_Azul_1038724.jpg 19 !!!!!!!!!!!!!!!!!!!!!0.1

 iteracao 3 : 
19 471_blusa-roxo-criativa_116615_301_1.jpg 19 2893_Blusa_Maxi_Pull_Azul_1038724.jpg 19 1257_blusa-estampado-criativa_116644_301_1.jpg 19 !!!!!!!!!!!!!!!!!!!!!0.1

 iteracao 4 : 
19 471_blusa-roxo-criativa_116615_301_1.jpg 19 2893_Blusa_Maxi_Pull_Azul_1038724.jpg 19 1257_blusa-estampado-criativa_116644_301_1.jpg 19 1100_blusa-rosa-pakalolo_116538_301_1.jpg 19 !!!!!!!!!!!!!!!!!!!!!0.1
imagem query: 21

 iteracao 0 : 
21 !!!!!!!!!!!!!!!!!!!!!1.0
imagem query: 22

 iteracao 0 : 
22 !!!!!!!!!!!!!!!!!!!!!0.0

 iteracao 1 : 
22 884_Vestido_Work_Rosa_1052225.jpg 22 !!!!!!!!!!!!!!!!!!!!!0.7

 iteracao 2 : 
22 884_Vestido_Work_Rosa_1052225.jpg 22 682_Vestido_Camadas_Rosa_1052560.jpg 22 !!!!!!!!!!!!!!!!!!!!!0.8

 iteracao 3 : 
22 884_Vestido_Work_Rosa_1052225.jpg 22 682_Vestido_Camadas_Rosa_1052560.jpg 22 4029_Vestido_Morcego_Vermelha_121556.jpg 22 !!!!!!!!!!!!!!!!!!!!!1.0
imagem query: 23

 iteracao 0 : 
23 !!!!!!!!!!!!!!!!!!!!!0.0

 iteracao 1 : 
23 6808_Camiseta_Bordado_Branco_1055347.jpg 23 !!!!!!!!!!!!!!!!!!!!!0.0

 iteracao 2 : 
23 6808_Camiseta_Bordado_Branco_1055347.jpg 23 17381_Polo_Listrada_Branca2FAzul2FAmarela_1027199.jpg 23 !!!!!!!!!!!!!!!!!!!!!0.0

 iteracao 3 : 
23 6808_Camiseta_Bordado_Branco_1055347.jpg 23 17381_Polo_Listrada_Branca2FAzul2FAmarela_1027199.jpg 23 2619_camisa-laercio-bco-marinho_82491_301_1.jpg 23 !!!!!!!!!!!!!!!!!!!!!0.0

 iteracao 4 : 
23 6808_Camiseta_Bordado_Branco_1055347.jpg 23 17381_Polo_Listrada_Branca2FAzul2FAmarela_1027199.jpg 23 2619_camisa-laercio-bco-marinho_82491_301_1.jpg 23 5926_Camiseta_Slim_Listrada_1037326.jpg 23 !!!!!!!!!!!!!!!!!!!!!0.0
imagem query: 26

 iteracao 0 : 
26 !!!!!!!!!!!!!!!!!!!!!0.1

 iteracao 1 : 
26 5603_Camiseta_Team_Azul_1050433.jpg 26 !!!!!!!!!!!!!!!!!!!!!0.2

 iteracao 2 : 
26 5603_Camiseta_Team_Azul_1050433.jpg 26 6223_Camiseta_Sand_Storm_Roxa_1037880.jpg 26 !!!!!!!!!!!!!!!!!!!!!0.2

 iteracao 3 : 
26 5603_Camiseta_Team_Azul_1050433.jpg 26 6223_Camiseta_Sand_Storm_Roxa_1037880.jpg 26 6276_Camiseta_Garrafas_Azul_1028923.jpg 26 !!!!!!!!!!!!!!!!!!!!!0.6

 iteracao 4 : 
26 5603_Camiseta_Team_Azul_1050433.jpg 26 6223_Camiseta_Sand_Storm_Roxa_1037880.jpg 26 6276_Camiseta_Garrafas_Azul_1028923.jpg 26 5404_Camiseta_Sombra_Azul_1035877.jpg 26 !!!!!!!!!!!!!!!!!!!!!0.6
imagem query: 29

 iteracao 0 : 
29 !!!!!!!!!!!!!!!!!!!!!0.0

 iteracao 1 : 
29 9330_Relogio_Classic_Dourado_1086668.jpg 29 !!!!!!!!!!!!!!!!!!!!!0.3

 iteracao 2 : 
29 9330_Relogio_Classic_Dourado_1086668.jpg 29 9327_Relogio_Metal_Dourado_1086667.jpg 29 !!!!!!!!!!!!!!!!!!!!!0.2

 iteracao 3 : 
29 9330_Relogio_Classic_Dourado_1086668.jpg 29 9327_Relogio_Metal_Dourado_1086667.jpg 29 9352_Relogio_Brilho_Dourado_1086700.jpg 29 !!!!!!!!!!!!!!!!!!!!!0.2

 iteracao 4 : 
29 9330_Relogio_Classic_Dourado_1086668.jpg 29 9327_Relogio_Metal_Dourado_1086667.jpg 29 9352_Relogio_Brilho_Dourado_1086700.jpg 29 9385_Relogio_Coracoes_Dourado_1086704.jpg 29 !!!!!!!!!!!!!!!!!!!!!0.5
imagem query: 30

 iteracao 0 : 
30 !!!!!!!!!!!!!!!!!!!!!0.9

 iteracao 1 : 
30 7072_Camisa_Fast_Xadrez_1035915.jpg 30 !!!!!!!!!!!!!!!!!!!!!0.8

 iteracao 2 : 
30 7072_Camisa_Fast_Xadrez_1035915.jpg 30 7138_Camisa_Light_Xadrez_1030701.jpg 30 !!!!!!!!!!!!!!!!!!!!!0.7

 iteracao 3 : 
30 7072_Camisa_Fast_Xadrez_1035915.jpg 30 7138_Camisa_Light_Xadrez_1030701.jpg 30 7162_Camisa_Monaco_Xadrez_1035405.jpg 30 !!!!!!!!!!!!!!!!!!!!!0.8

 iteracao 4 : 
30 7072_Camisa_Fast_Xadrez_1035915.jpg 30 7138_Camisa_Light_Xadrez_1030701.jpg 30 7162_Camisa_Monaco_Xadrez_1035405.jpg 30 7098_Camisa_Mand_Xadrez_1039022.jpg 30 !!!!!!!!!!!!!!!!!!!!!0.8
imagem query: 33

 iteracao 0 : 
33 !!!!!!!!!!!!!!!!!!!!!0.0

 iteracao 1 : 
33 16602_Top_Nadador_Seamless_Preto_1058661.jpg 33 !!!!!!!!!!!!!!!!!!!!!0.9

 iteracao 2 : 
33 16602_Top_Nadador_Seamless_Preto_1058661.jpg 33 3908_Camiseta_Renda_Preta_1026874.jpg 33 !!!!!!!!!!!!!!!!!!!!!0.9

 iteracao 3 : 
33 16602_Top_Nadador_Seamless_Preto_1058661.jpg 33 3908_Camiseta_Renda_Preta_1026874.jpg 33 16928_Top_Ciclista_preto_com_detalhe_transparente__1032217.jpg 33 !!!!!!!!!!!!!!!!!!!!!0.7

 iteracao 4 : 
33 16602_Top_Nadador_Seamless_Preto_1058661.jpg 33 3908_Camiseta_Renda_Preta_1026874.jpg 33 16928_Top_Ciclista_preto_com_detalhe_transparente__1032217.jpg 33 16557_Top_Easyway_Preto_1051061.jpg 33 !!!!!!!!!!!!!!!!!!!!!0.7
imagem query: 34

 iteracao 0 : 
34 !!!!!!!!!!!!!!!!!!!!!0.1

 iteracao 1 : 
34 16737_Legging_New_Roxo_1048699.jpg 34 !!!!!!!!!!!!!!!!!!!!!0.1

 iteracao 2 : 
34 16737_Legging_New_Roxo_1048699.jpg 34 16685_Legging_Shux_Preta_1058642.jpg 34 !!!!!!!!!!!!!!!!!!!!!0.3

 iteracao 3 : 
34 16737_Legging_New_Roxo_1048699.jpg 34 16685_Legging_Shux_Preta_1058642.jpg 34 16846_Bermuda_Copenhague_Roxa_1061589.jpg 34 !!!!!!!!!!!!!!!!!!!!!0.3

 iteracao 4 : 
34 16737_Legging_New_Roxo_1048699.jpg 34 16685_Legging_Shux_Preta_1058642.jpg 34 16846_Bermuda_Copenhague_Roxa_1061589.jpg 34 17039_Legging_Fashion_Preto_1034771.jpg 34 !!!!!!!!!!!!!!!!!!!!!0.4
imagem query: 35

 iteracao 0 : 
35 !!!!!!!!!!!!!!!!!!!!!0.1

 iteracao 1 : 
35 4425_Shorts_Saia_Estampado_Multicolorido_118933.jpg 35 !!!!!!!!!!!!!!!!!!!!!0.2

 iteracao 2 : 
35 4425_Shorts_Saia_Estampado_Multicolorido_118933.jpg 35 4330_Shorts_Jeans_Love_Azul_1046311.jpg 35 !!!!!!!!!!!!!!!!!!!!!0.2

 iteracao 3 : 
35 4425_Shorts_Saia_Estampado_Multicolorido_118933.jpg 35 4330_Shorts_Jeans_Love_Azul_1046311.jpg 35 16650_Shorts_Detalhes_Preto_1050456.jpg 35 !!!!!!!!!!!!!!!!!!!!!0.1

 iteracao 4 : 
35 4425_Shorts_Saia_Estampado_Multicolorido_118933.jpg 35 4330_Shorts_Jeans_Love_Azul_1046311.jpg 35 16650_Shorts_Detalhes_Preto_1050456.jpg 35 4246_Shorts_Babado_Cinza_1031764.jpg 35 !!!!!!!!!!!!!!!!!!!!!0.1
imagem query: 36

 iteracao 0 : 
36 !!!!!!!!!!!!!!!!!!!!!0.7

 iteracao 1 : 
36 4628_Shorts_Cinto_Top_Bege_1042488.jpg 36 !!!!!!!!!!!!!!!!!!!!!0.5

 iteracao 2 : 
36 4628_Shorts_Cinto_Top_Bege_1042488.jpg 36 3175_Saia_Comportamento_Off_white_1049121.jpg 36 !!!!!!!!!!!!!!!!!!!!!0.5

 iteracao 3 : 
36 4628_Shorts_Cinto_Top_Bege_1042488.jpg 36 3175_Saia_Comportamento_Off_white_1049121.jpg 36 4218_Shorts_Jeans_Basic_Branco_143373.jpg 36 !!!!!!!!!!!!!!!!!!!!!0.5

 iteracao 4 : 
36 4628_Shorts_Cinto_Top_Bege_1042488.jpg 36 3175_Saia_Comportamento_Off_white_1049121.jpg 36 4218_Shorts_Jeans_Basic_Branco_143373.jpg 36 2337_short-suriene-branco_88401_301_1.jpg 36 !!!!!!!!!!!!!!!!!!!!!0.6
imagem query: 38

 iteracao 0 : 
38 !!!!!!!!!!!!!!!!!!!!!0.3

 iteracao 1 : 
38 1523_Blusa_Alca_Nude_1052335.jpg 38 !!!!!!!!!!!!!!!!!!!!!0.2

 iteracao 2 : 
38 1523_Blusa_Alca_Nude_1052335.jpg 38 2526_Blusa_Babados_Multicolorido_132293.jpg 38 !!!!!!!!!!!!!!!!!!!!!0.1

 iteracao 3 : 
38 1523_Blusa_Alca_Nude_1052335.jpg 38 2526_Blusa_Babados_Multicolorido_132293.jpg 38 2218_Regata_Babados_e_Brilhos_Listra_1030764.jpg 38 !!!!!!!!!!!!!!!!!!!!!0.2

 iteracao 4 : 
38 1523_Blusa_Alca_Nude_1052335.jpg 38 2526_Blusa_Babados_Multicolorido_132293.jpg 38 2218_Regata_Babados_e_Brilhos_Listra_1030764.jpg 38 1150_Blusa_Rococo_Floral_1066340.jpg 38 !!!!!!!!!!!!!!!!!!!!!0.1
imagem query: 39

 iteracao 0 : 
39 !!!!!!!!!!!!!!!!!!!!!0.0

 iteracao 1 : 
39 620_Vestido_Florest_Multicolorido_1046888.jpg 39 !!!!!!!!!!!!!!!!!!!!!0.0

 iteracao 2 : 
39 620_Vestido_Florest_Multicolorido_1046888.jpg 39 2734_Blusa_Manchas_Branca_1046869.jpg 39 !!!!!!!!!!!!!!!!!!!!!0.1

 iteracao 3 : 
39 620_Vestido_Florest_Multicolorido_1046888.jpg 39 2734_Blusa_Manchas_Branca_1046869.jpg 39 1999_Blusa_Eyes_Laranja_1049109.jpg 39 !!!!!!!!!!!!!!!!!!!!!0.2

 iteracao 4 : 
39 620_Vestido_Florest_Multicolorido_1046888.jpg 39 2734_Blusa_Manchas_Branca_1046869.jpg 39 1999_Blusa_Eyes_Laranja_1049109.jpg 39 2682_Blusa_Balada_Multicolorida_1047058.jpg 39 !!!!!!!!!!!!!!!!!!!!!0.1
imagem query: 40

 iteracao 0 : 
40 !!!!!!!!!!!!!!!!!!!!!0.5

 iteracao 1 : 
40 579_Vestido_Pregas_Multicolorido_1039800.jpg 40 !!!!!!!!!!!!!!!!!!!!!0.2

 iteracao 2 : 
40 579_Vestido_Pregas_Multicolorido_1039800.jpg 40 1079_Vestido_Amarracao_Multicolorido_1046146.jpg 40 !!!!!!!!!!!!!!!!!!!!!0.1

 iteracao 3 : 
40 579_Vestido_Pregas_Multicolorido_1039800.jpg 40 1079_Vestido_Amarracao_Multicolorido_1046146.jpg 40 3576_Macaquinho_Shorts_Saia_Multicolorido_144643.jpg 40 !!!!!!!!!!!!!!!!!!!!!0.1

 iteracao 4 : 
40 579_Vestido_Pregas_Multicolorido_1039800.jpg 40 1079_Vestido_Amarracao_Multicolorido_1046146.jpg 40 3576_Macaquinho_Shorts_Saia_Multicolorido_144643.jpg 40 713_Vestido_Camadas_Multicolorido_1052098.jpg 40 !!!!!!!!!!!!!!!!!!!!!0.2
imagem query: 43

 iteracao 0 : 
43 !!!!!!!!!!!!!!!!!!!!!0.0

 iteracao 1 : 
43 423_Vestido_Renda_Bege_132333.jpg 43 !!!!!!!!!!!!!!!!!!!!!0.0

 iteracao 2 : 
43 423_Vestido_Renda_Bege_132333.jpg 43 938_Vestido_Curto_Renda_Preto_1052481.jpg 43 !!!!!!!!!!!!!!!!!!!!!0.1

 iteracao 3 : 
43 423_Vestido_Renda_Bege_132333.jpg 43 938_Vestido_Curto_Renda_Preto_1052481.jpg 43 4372_vestido-juvenil-preto-com-estampa_85539_301_1.jpg 43 !!!!!!!!!!!!!!!!!!!!!0.2

 iteracao 4 : 
43 423_Vestido_Renda_Bege_132333.jpg 43 938_Vestido_Curto_Renda_Preto_1052481.jpg 43 4372_vestido-juvenil-preto-com-estampa_85539_301_1.jpg 43 931_Vestido_Curto_Preto_1044224.jpg 43 !!!!!!!!!!!!!!!!!!!!!0.1
imagem query: 44

 iteracao 0 : 
44 !!!!!!!!!!!!!!!!!!!!!0.2

 iteracao 1 : 
44 3490_Macaquinho_Amarracao_Branco_1045895.jpg 44 !!!!!!!!!!!!!!!!!!!!!0.1

 iteracao 2 : 
44 3490_Macaquinho_Amarracao_Branco_1045895.jpg 44 336_Vestido_Lambreta_Cinza_1046159.jpg 44 !!!!!!!!!!!!!!!!!!!!!0.1

 iteracao 3 : 
44 3490_Macaquinho_Amarracao_Branco_1045895.jpg 44 336_Vestido_Lambreta_Cinza_1046159.jpg 44 893_Vestido_Pregas_Cobra_1039609.jpg 44 !!!!!!!!!!!!!!!!!!!!!0.3

 iteracao 4 : 
44 3490_Macaquinho_Amarracao_Branco_1045895.jpg 44 336_Vestido_Lambreta_Cinza_1046159.jpg 44 893_Vestido_Pregas_Cobra_1039609.jpg 44 1097_Vestido_Selva_Cobra_1041111.jpg 44 !!!!!!!!!!!!!!!!!!!!!0.5
imagem query: 46

 iteracao 0 : 
46 !!!!!!!!!!!!!!!!!!!!!0.2

 iteracao 1 : 
46 1745_Blusa_Branco_decote_nadador_117270.jpg 46 !!!!!!!!!!!!!!!!!!!!!0.2

 iteracao 2 : 
46 1745_Blusa_Branco_decote_nadador_117270.jpg 46 2723_Blusa_Silk_Cinza_129702.jpg 46 !!!!!!!!!!!!!!!!!!!!!0.2

 iteracao 3 : 
46 1745_Blusa_Branco_decote_nadador_117270.jpg 46 2723_Blusa_Silk_Cinza_129702.jpg 46 2624_Camiseta_Estampa_Mulher_Branca_1031821.jpg 46 !!!!!!!!!!!!!!!!!!!!!0.2

 iteracao 4 : 
46 1745_Blusa_Branco_decote_nadador_117270.jpg 46 2723_Blusa_Silk_Cinza_129702.jpg 46 2624_Camiseta_Estampa_Mulher_Branca_1031821.jpg 46 269_tunica-melick-branca_84527_301_1.jpg 46 !!!!!!!!!!!!!!!!!!!!!0.2
imagem query: 47

 iteracao 0 : 
47 !!!!!!!!!!!!!!!!!!!!!0.3

 iteracao 1 : 
47 12749_Sandalia_Recortes_Bege_1051873.jpg 47 !!!!!!!!!!!!!!!!!!!!!0.2

 iteracao 2 : 
47 12749_Sandalia_Recortes_Bege_1051873.jpg 47 12500_Sandalia_Charme_Caramelo_1049780.jpg 47 !!!!!!!!!!!!!!!!!!!!!0.2

 iteracao 3 : 
47 12749_Sandalia_Recortes_Bege_1051873.jpg 47 12500_Sandalia_Charme_Caramelo_1049780.jpg 47 11567_Peep_Toe_Espadrilha_Bege_1057397.jpg 47 !!!!!!!!!!!!!!!!!!!!!0.2

 iteracao 4 : 
47 12749_Sandalia_Recortes_Bege_1051873.jpg 47 12500_Sandalia_Charme_Caramelo_1049780.jpg 47 11567_Peep_Toe_Espadrilha_Bege_1057397.jpg 47 12931_Sandalia_Laco_Marrom_80500.jpg 47 !!!!!!!!!!!!!!!!!!!!!0.2
imagem query: 49

 iteracao 0 : 
49 !!!!!!!!!!!!!!!!!!!!!0.0

 iteracao 1 : 
49 10770_Bota_Fivela_Cobra_1063431.jpg 49 !!!!!!!!!!!!!!!!!!!!!0.0

 iteracao 2 : 
49 10770_Bota_Fivela_Cobra_1063431.jpg 49 10859_Bota_Fivela_Marrom_1066814.jpg 49 !!!!!!!!!!!!!!!!!!!!!0.4

 iteracao 3 : 
49 10770_Bota_Fivela_Cobra_1063431.jpg 49 10859_Bota_Fivela_Marrom_1066814.jpg 49 9735_Ankle_Boot_Geysa_Onca_Rosa_1067024.jpg 49 !!!!!!!!!!!!!!!!!!!!!0.3

 iteracao 4 : 
49 10770_Bota_Fivela_Cobra_1063431.jpg 49 10859_Bota_Fivela_Marrom_1066814.jpg 49 9735_Ankle_Boot_Geysa_Onca_Rosa_1067024.jpg 49 10177_Bota_Classica_Marrom_1062542.jpg 49 !!!!!!!!!!!!!!!!!!!!!0.4
imagem query: 50

 iteracao 0 : 
50 !!!!!!!!!!!!!!!!!!!!!0.2

 iteracao 1 : 
50 4455_Shorts_Couro_Vermelho_138994.jpg 50 !!!!!!!!!!!!!!!!!!!!!0.2

 iteracao 2 : 
50 4455_Shorts_Couro_Vermelho_138994.jpg 50 16539_Shorts_Bolinhas_Preto_96032.jpg 50 !!!!!!!!!!!!!!!!!!!!!0.3

 iteracao 3 : 
50 4455_Shorts_Couro_Vermelho_138994.jpg 50 16539_Shorts_Bolinhas_Preto_96032.jpg 50 2348_short-sarja-feminino-rosa-triton_117989_301_1.jpg 50 !!!!!!!!!!!!!!!!!!!!!0.3

 iteracao 4 : 
50 4455_Shorts_Couro_Vermelho_138994.jpg 50 16539_Shorts_Bolinhas_Preto_96032.jpg 50 2348_short-sarja-feminino-rosa-triton_117989_301_1.jpg 50 2319_short-forest-estampado_84500_301_1.jpg 50 !!!!!!!!!!!!!!!!!!!!!0.3
Valor do fitness: 0.38000003
resultado particao 4 : 0.3800000250339508
